#
# A fatal error has been detected by the Java Runtime Environment:
#
#  SIGSEGV (0xb) at pc=0x000000010197043c, pid=11610, tid=259
#
# JRE version: OpenJDK Runtime Environment (21.0.2+13) (build 21.0.2+13-58)
# Java VM: OpenJDK 64-Bit Server VM (21.0.2+13-58, mixed mode, sharing, tiered, compressed oops, compressed class ptrs, g1 gc, bsd-aarch64)
# Problematic frame:
# C  [libglass.dylib+0x2443c]  Java_com_sun_glass_ui_mac_MacView__1enableInputMethodEvents+0x617c
#
# No core dump will be written. Core dumps have been disabled. To enable core dumping, try "ulimit -c unlimited" before starting Java again
#
# If you would like to submit a bug report, please visit:
#   https://bugreport.java.com/bugreport/crash.jsp
#

---------------  S U M M A R Y ------------

Command Line: -javaagent:/Applications/IntelliJ IDEA CE.app/Contents/lib/idea_rt.jar=57441:/Applications/IntelliJ IDEA CE.app/Contents/bin -Dfile.encoding=UTF-8 -Dsun.stdout.encoding=UTF-8 -Dsun.stderr.encoding=UTF-8 --module-path=/Users/ayushrg/.m2/repository/org/controlsfx/controlsfx/11.1.2/controlsfx-11.1.2.jar:/Users/ayushrg/IdeaProjects/TubeFlowX/target/classes:/Users/ayushrg/.m2/repository/org/openjfx/javafx-controls/21/javafx-controls-21-mac-aarch64.jar:/Users/ayushrg/.m2/repository/org/openjfx/javafx-base/21/javafx-base-21-mac-aarch64.jar:/Users/ayushrg/.m2/repository/com/dlsc/formsfx/formsfx-core/11.6.0/formsfx-core-11.6.0.jar:/Users/ayushrg/.m2/repository/org/openjfx/javafx-graphics/21/javafx-graphics-21-mac-aarch64.jar:/Users/ayushrg/.m2/repository/org/openjfx/javafx-fxml/21/javafx-fxml-21-mac-aarch64.jar -Djdk.module.main=com.ayushrg.tubeflowx com.ayushrg.tubeflowx/com.ayushrg.tubeflowx.MainApp

Host: "Mac14,2" arm64, 8 cores, 8G, Darwin 23.2.0, macOS 14.2 (23C64)
Time: Fri Apr 19 12:19:26 2024 EDT elapsed time: 13.630916 seconds (0d 0h 0m 13s)

---------------  T H R E A D  ---------------

Current thread is native thread

Stack: [0x000000016ee98000,0x000000016f694000],  sp=0x000000016f68fde0,  free space=8159k
Native frames: (J=compiled Java code, j=interpreted, Vv=VM code, C=native code)
C  [libglass.dylib+0x2443c]  Java_com_sun_glass_ui_mac_MacView__1enableInputMethodEvents+0x617c
C  [libglass.dylib+0x2573c]  Java_com_sun_glass_ui_mac_MacView__1enableInputMethodEvents+0x747c
C  [CoreFoundation+0x72570]  __CFNOTIFICATIONCENTER_IS_CALLING_OUT_TO_AN_OBSERVER__+0x94
C  [CoreFoundation+0x10665c]  ___CFXRegistrationPost_block_invoke+0x58
C  [CoreFoundation+0x1065a4]  _CFXRegistrationPost+0x1b8
C  [CoreFoundation+0x411dc]  _CFXNotificationPost+0x2fc
C  [Foundation+0x8ff0]  -[NSNotificationCenter postNotificationName:object:userInfo:]+0x58
C  [AppKit+0x7cf38]  -[NSWindow _setFrameCommon:display:fromServer:]+0xa94
C  [AppKit+0xb8a76c]  __74-[_NSExitFullScreenTransitionController setupWindowForAfterFullScreenExit]_block_invoke+0x22c
C  [AppKit+0x7b714]  NSPerformVisuallyAtomicChange+0x6c
C  [AppKit+0xb8a534]  -[_NSExitFullScreenTransitionController setupWindowForAfterFullScreenExit]+0x60
C  [AppKit+0xb8d768]  __46-[_NSExitFullScreenTransitionController start]_block_invoke.47+0x34
C  [AppKit+0xd770a8]  ___NSMainRunLoopPerformBlockInModes_block_invoke+0x2c
C  [CoreFoundation+0x7d5e4]  __CFRUNLOOP_IS_CALLING_OUT_TO_A_BLOCK__+0x1c
C  [CoreFoundation+0x7d4f8]  __CFRunLoopDoBlocks+0x164
C  [CoreFoundation+0x7c98c]  __CFRunLoopRun+0x988
C  [CoreFoundation+0x7b9ac]  CFRunLoopRunSpecific+0x260
C  [libjli.dylib+0xd1b0]  CreateExecutionEnvironment+0x190
C  [libjli.dylib+0x92a0]  JLI_Launch+0x468
C  [java+0x3bb0]  main+0x194
C  [dyld+0x60e0]  start+0x938

siginfo: si_signo: 11 (SIGSEGV), si_code: 2 (SEGV_ACCERR), si_addr: 0x0000000000000000

Registers:
 x0=0x000000015b810a00  x1=0x0000000100c1bc00  x2=0x000000015b810a00  x3=0x0000000000000007
 x4=0x00000000000f8aa8  x5=0x000000000000001c  x6=0x0000000000000800  x7=0x0000000000000000
 x8=0x0000000000000103  x9=0x0000000000000103 x10=0x0000000000bf3d01 x11=0x0000000000716000
x12=0x000000015b800028 x13=0x00000000ffff8007 x14=0x0000000000000044 x15=0x00000000ffff7dff
x16=0x000000015b8081f8 x17=0x0000000183d55604 x18=0x0000000000000000 x19=0x00006000039cabe0
x20=0x0000000000000000 x21=0x0000000000000000 x22=0x0000000101995440 x23=0x000000015b96e8a8
x24=0x0000000000000000 x25=0x0000000000041400 x26=0x0000000000000000 x27=0x0000004100000037
x28=0x000000016f690328  fp=0x000000016f690250  lr=0x4d01000101970438  sp=0x000000016f68fde0
pc=0x000000010197043c cpsr=0x0000000060001000

Top of Stack: (sp=0x000000016f68fde0)
0x000000016f68fde0:   0000000101980919 0000000101980860
0x000000016f68fdf0:   0000000000000054 00000001019703fc
0x000000016f68fe00:   000000010197173c 0000000183ff4570
0x000000016f68fe10:   000000018408865c 00000001840885a4
0x000000016f68fe20:   0000000183fc31dc 00000001850b5ff0
0x000000016f68fe30:   000000018781df38 000000018832b76c
0x000000016f68fe40:   000000018781c714 000000018832b534
0x000000016f68fe50:   000000018832e768 00000001885180a8
0x000000016f68fe60:   0000000183fff5e4 0000000183fff4f8
0x000000016f68fe70:   0000000183ffe98c 0000000183ffd9ac
0x000000016f68fe80:   0000000100bfd1b0 0000000100bf92a0
0x000000016f68fe90:   000000010076fbb0 0000000183ba10e0
0x000000016f68fea0:   0000000000000000 0000000000000000
0x000000016f68feb0:   0000000000000000 0000000000000000
0x000000016f68fec0:   0000000000000000 0000000000000000
0x000000016f68fed0:   0000000000000000 0000000000000000
0x000000016f68fee0:   0000000000000000 0000000000000000
0x000000016f68fef0:   0000000000000000 0000000000000000
0x000000016f68ff00:   0000000000000000 0000000000000000
0x000000016f68ff10:   0000000000000000 0000000000000000
0x000000016f68ff20:   0000000000000000 0000000000000000
0x000000016f68ff30:   0000000000000000 0000000000000000
0x000000016f68ff40:   0000000000000000 0000000000000000
0x000000016f68ff50:   0000000000000000 0000000000000000
0x000000016f68ff60:   0000000000000000 0000000000000000
0x000000016f68ff70:   0000000000000000 0000000000000000
0x000000016f68ff80:   0000000000000000 0000000000000000
0x000000016f68ff90:   0000000000000000 0000000000000000
0x000000016f68ffa0:   0000000000000000 0000000000000000
0x000000016f68ffb0:   0000000000000000 0000000000000000
0x000000016f68ffc0:   0000000000000000 0000000000000000
0x000000016f68ffd0:   0000000000000000 0000000000000000 

Instructions: (pc=0x000000010197043c)
0x000000010197033c:   c0 03 5f d6 54 1c 00 94 e9 23 ba 6d fa 67 01 a9
0x000000010197034c:   f8 5f 02 a9 f6 57 03 a9 f4 4f 04 a9 fd 7b 05 a9
0x000000010197035c:   fd 43 01 91 ff 83 10 d1 1f 20 03 d5 c8 ed 0b 58
0x000000010197036c:   08 01 40 f9 a8 83 1a f8 1f 20 03 d5 1f 20 03 d5
0x000000010197037c:   28 19 11 98 08 68 68 38 e8 08 00 35 28 40 60 1e
0x000000010197038c:   09 40 60 1e f3 03 00 aa 1f 20 03 d5 1f 20 03 d5
0x000000010197039c:   68 18 11 98 08 00 08 8b 00 01 00 fd 01 05 00 fd
0x00000001019703ac:   b6 84 12 10 1f 20 03 d5 d4 02 40 f9 34 04 00 b5
0x00000001019703bc:   1f 20 03 d5 48 eb 0b 58 00 01 40 f9 8a 0a 80 52
0x00000001019703cc:   a8 24 08 10 1f 20 03 d5 29 2a 08 30 1f 20 03 d5
0x00000001019703dc:   e8 ab 00 a9 e9 03 00 f9 01 a7 06 50 1f 20 03 d5
0x00000001019703ec:   47 1c 00 94 e0 63 00 91 01 10 80 52 32 1c 00 94
0x00000001019703fc:   f5 03 00 aa e0 63 00 91 e1 03 15 aa 31 1c 00 94
0x000000010197040c:   f4 03 00 aa bf 06 00 71 eb 00 00 54 f5 03 15 2a
0x000000010197041c:   f7 03 14 aa e0 86 40 f8 11 1d 00 94 b5 06 00 f1
0x000000010197042c:   a1 ff ff 54 e0 03 14 aa 38 1c 00 94 d4 02 40 f9
0x000000010197043c:   88 02 40 f9 17 f5 40 f9 1f 20 03 d5 1f 20 03 d5
0x000000010197044c:   08 11 11 98 75 6a 68 f8 1f 20 03 d5 1f 20 03 d5
0x000000010197045c:   38 01 78 1e 19 01 78 1e b6 81 12 58 1f 20 03 d5
0x000000010197046c:   1f 20 03 d5 08 10 11 98 60 6a 68 f8 8a 27 00 94
0x000000010197047c:   e8 03 00 2a f9 a3 00 a9 f8 03 00 f9 e0 03 14 aa
0x000000010197048c:   e1 03 15 aa e2 03 16 aa e0 02 3f d6 e0 03 13 aa
0x000000010197049c:   81 20 00 94 a8 83 5a f8 1f 20 03 d5 c9 e3 0b 58
0x00000001019704ac:   29 01 40 f9 3f 01 08 eb 21 01 00 54 ff 83 10 91
0x00000001019704bc:   fd 7b 45 a9 f4 4f 44 a9 f6 57 43 a9 f8 5f 42 a9
0x00000001019704cc:   fa 67 41 a9 e9 23 c6 6c c0 03 5f d6 ee 1b 00 94
0x00000001019704dc:   e9 23 ba 6d fc 6f 01 a9 f8 5f 02 a9 f6 57 03 a9
0x00000001019704ec:   f4 4f 04 a9 fd 7b 05 a9 fd 43 01 91 ff 83 10 d1
0x00000001019704fc:   1f 20 03 d5 08 e1 0b 58 08 01 40 f9 a8 83 1a f8
0x000000010197050c:   1f 20 03 d5 1f 20 03 d5 88 0c 11 98 08 68 68 38
0x000000010197051c:   a8 09 00 35 68 40 60 1e 49 40 60 1e f4 03 02 aa
0x000000010197052c:   f3 03 00 aa 97 78 12 10 1f 20 03 d5 f5 02 40 f9 



---------------  P R O C E S S  ---------------

VM state: at safepoint (normal execution)

VM Mutex/Monitor currently owned by a thread:  ([mutex/lock_event])
[0x0000000102a64c10] Threads_lock - owner thread: 0x000000015b006c70
[0x0000000102a64c90] Heap_lock - owner thread: 0x000000015b81fc00

Heap address: 0x0000000780000000, size: 2048 MB, Compressed Oops mode: Zero based, Oop shift amount: 3

CDS archive(s) mapped at: [0x0000009800000000-0x0000009800ca4000-0x0000009800ca4000), size 13254656, SharedBaseAddress: 0x0000009800000000, ArchiveRelocationMode: 1.
Compressed class space mapped at: 0x0000009801000000-0x0000009841000000, reserved size: 1073741824
Narrow klass base: 0x0000009800000000, Narrow klass shift: 0, Narrow klass range: 0x100000000

GC Precious Log:
<Skipped>

Heap:
 garbage-first heap   total 133120K, used 22540K [0x0000000780000000, 0x0000000800000000)
  region size 1024K, 23 young (23552K), 0 survivors (0K)
 Metaspace       used 6197K, committed 6400K, reserved 1114112K
  class space    used 735K, committed 832K, reserved 1048576K

Heap Regions: E=young(eden), S=young(survivor), O=old, HS=humongous(starts), HC=humongous(continues), CS=collection set, F=free, TAMS=top-at-mark-start, PB=parsable bottom
|   0|0x0000000780000000, 0x0000000780000000, 0x0000000780100000|  0%| F|  |TAMS 0x0000000780000000| PB 0x0000000780000000| Untracked 
|   1|0x0000000780100000, 0x0000000780100000, 0x0000000780200000|  0%| F|  |TAMS 0x0000000780100000| PB 0x0000000780100000| Untracked 
|   2|0x0000000780200000, 0x0000000780200000, 0x0000000780300000|  0%| F|  |TAMS 0x0000000780200000| PB 0x0000000780200000| Untracked 
|   3|0x0000000780300000, 0x0000000780300000, 0x0000000780400000|  0%| F|  |TAMS 0x0000000780300000| PB 0x0000000780300000| Untracked 
|   4|0x0000000780400000, 0x0000000780400000, 0x0000000780500000|  0%| F|  |TAMS 0x0000000780400000| PB 0x0000000780400000| Untracked 
|   5|0x0000000780500000, 0x0000000780500000, 0x0000000780600000|  0%| F|  |TAMS 0x0000000780500000| PB 0x0000000780500000| Untracked 
|   6|0x0000000780600000, 0x0000000780600000, 0x0000000780700000|  0%| F|  |TAMS 0x0000000780600000| PB 0x0000000780600000| Untracked 
|   7|0x0000000780700000, 0x0000000780700000, 0x0000000780800000|  0%| F|  |TAMS 0x0000000780700000| PB 0x0000000780700000| Untracked 
|   8|0x0000000780800000, 0x0000000780800000, 0x0000000780900000|  0%| F|  |TAMS 0x0000000780800000| PB 0x0000000780800000| Untracked 
|   9|0x0000000780900000, 0x0000000780900000, 0x0000000780a00000|  0%| F|  |TAMS 0x0000000780900000| PB 0x0000000780900000| Untracked 
|  10|0x0000000780a00000, 0x0000000780a00000, 0x0000000780b00000|  0%| F|  |TAMS 0x0000000780a00000| PB 0x0000000780a00000| Untracked 
|  11|0x0000000780b00000, 0x0000000780b00000, 0x0000000780c00000|  0%| F|  |TAMS 0x0000000780b00000| PB 0x0000000780b00000| Untracked 
|  12|0x0000000780c00000, 0x0000000780c00000, 0x0000000780d00000|  0%| F|  |TAMS 0x0000000780c00000| PB 0x0000000780c00000| Untracked 
|  13|0x0000000780d00000, 0x0000000780d00000, 0x0000000780e00000|  0%| F|  |TAMS 0x0000000780d00000| PB 0x0000000780d00000| Untracked 
|  14|0x0000000780e00000, 0x0000000780e00000, 0x0000000780f00000|  0%| F|  |TAMS 0x0000000780e00000| PB 0x0000000780e00000| Untracked 
|  15|0x0000000780f00000, 0x0000000780f00000, 0x0000000781000000|  0%| F|  |TAMS 0x0000000780f00000| PB 0x0000000780f00000| Untracked 
|  16|0x0000000781000000, 0x0000000781000000, 0x0000000781100000|  0%| F|  |TAMS 0x0000000781000000| PB 0x0000000781000000| Untracked 
|  17|0x0000000781100000, 0x0000000781100000, 0x0000000781200000|  0%| F|  |TAMS 0x0000000781100000| PB 0x0000000781100000| Untracked 
|  18|0x0000000781200000, 0x0000000781200000, 0x0000000781300000|  0%| F|  |TAMS 0x0000000781200000| PB 0x0000000781200000| Untracked 
|  19|0x0000000781300000, 0x0000000781300000, 0x0000000781400000|  0%| F|  |TAMS 0x0000000781300000| PB 0x0000000781300000| Untracked 
|  20|0x0000000781400000, 0x0000000781400000, 0x0000000781500000|  0%| F|  |TAMS 0x0000000781400000| PB 0x0000000781400000| Untracked 
|  21|0x0000000781500000, 0x0000000781500000, 0x0000000781600000|  0%| F|  |TAMS 0x0000000781500000| PB 0x0000000781500000| Untracked 
|  22|0x0000000781600000, 0x0000000781600000, 0x0000000781700000|  0%| F|  |TAMS 0x0000000781600000| PB 0x0000000781600000| Untracked 
|  23|0x0000000781700000, 0x0000000781700000, 0x0000000781800000|  0%| F|  |TAMS 0x0000000781700000| PB 0x0000000781700000| Untracked 
|  24|0x0000000781800000, 0x0000000781800000, 0x0000000781900000|  0%| F|  |TAMS 0x0000000781800000| PB 0x0000000781800000| Untracked 
|  25|0x0000000781900000, 0x0000000781900000, 0x0000000781a00000|  0%| F|  |TAMS 0x0000000781900000| PB 0x0000000781900000| Untracked 
|  26|0x0000000781a00000, 0x0000000781a00000, 0x0000000781b00000|  0%| F|  |TAMS 0x0000000781a00000| PB 0x0000000781a00000| Untracked 
|  27|0x0000000781b00000, 0x0000000781b00000, 0x0000000781c00000|  0%| F|  |TAMS 0x0000000781b00000| PB 0x0000000781b00000| Untracked 
|  28|0x0000000781c00000, 0x0000000781c00000, 0x0000000781d00000|  0%| F|  |TAMS 0x0000000781c00000| PB 0x0000000781c00000| Untracked 
|  29|0x0000000781d00000, 0x0000000781d00000, 0x0000000781e00000|  0%| F|  |TAMS 0x0000000781d00000| PB 0x0000000781d00000| Untracked 
|  30|0x0000000781e00000, 0x0000000781e00000, 0x0000000781f00000|  0%| F|  |TAMS 0x0000000781e00000| PB 0x0000000781e00000| Untracked 
|  31|0x0000000781f00000, 0x0000000781f00000, 0x0000000782000000|  0%| F|  |TAMS 0x0000000781f00000| PB 0x0000000781f00000| Untracked 
|  32|0x0000000782000000, 0x0000000782000000, 0x0000000782100000|  0%| F|  |TAMS 0x0000000782000000| PB 0x0000000782000000| Untracked 
|  33|0x0000000782100000, 0x0000000782100000, 0x0000000782200000|  0%| F|  |TAMS 0x0000000782100000| PB 0x0000000782100000| Untracked 
|  34|0x0000000782200000, 0x0000000782200000, 0x0000000782300000|  0%| F|  |TAMS 0x0000000782200000| PB 0x0000000782200000| Untracked 
|  35|0x0000000782300000, 0x0000000782300000, 0x0000000782400000|  0%| F|  |TAMS 0x0000000782300000| PB 0x0000000782300000| Untracked 
|  36|0x0000000782400000, 0x0000000782400000, 0x0000000782500000|  0%| F|  |TAMS 0x0000000782400000| PB 0x0000000782400000| Untracked 
|  37|0x0000000782500000, 0x0000000782500000, 0x0000000782600000|  0%| F|  |TAMS 0x0000000782500000| PB 0x0000000782500000| Untracked 
|  38|0x0000000782600000, 0x0000000782600000, 0x0000000782700000|  0%| F|  |TAMS 0x0000000782600000| PB 0x0000000782600000| Untracked 
|  39|0x0000000782700000, 0x0000000782700000, 0x0000000782800000|  0%| F|  |TAMS 0x0000000782700000| PB 0x0000000782700000| Untracked 
|  40|0x0000000782800000, 0x0000000782800000, 0x0000000782900000|  0%| F|  |TAMS 0x0000000782800000| PB 0x0000000782800000| Untracked 
|  41|0x0000000782900000, 0x0000000782900000, 0x0000000782a00000|  0%| F|  |TAMS 0x0000000782900000| PB 0x0000000782900000| Untracked 
|  42|0x0000000782a00000, 0x0000000782a00000, 0x0000000782b00000|  0%| F|  |TAMS 0x0000000782a00000| PB 0x0000000782a00000| Untracked 
|  43|0x0000000782b00000, 0x0000000782b00000, 0x0000000782c00000|  0%| F|  |TAMS 0x0000000782b00000| PB 0x0000000782b00000| Untracked 
|  44|0x0000000782c00000, 0x0000000782c00000, 0x0000000782d00000|  0%| F|  |TAMS 0x0000000782c00000| PB 0x0000000782c00000| Untracked 
|  45|0x0000000782d00000, 0x0000000782d00000, 0x0000000782e00000|  0%| F|  |TAMS 0x0000000782d00000| PB 0x0000000782d00000| Untracked 
|  46|0x0000000782e00000, 0x0000000782e00000, 0x0000000782f00000|  0%| F|  |TAMS 0x0000000782e00000| PB 0x0000000782e00000| Untracked 
|  47|0x0000000782f00000, 0x0000000782f00000, 0x0000000783000000|  0%| F|  |TAMS 0x0000000782f00000| PB 0x0000000782f00000| Untracked 
|  48|0x0000000783000000, 0x0000000783000000, 0x0000000783100000|  0%| F|  |TAMS 0x0000000783000000| PB 0x0000000783000000| Untracked 
|  49|0x0000000783100000, 0x0000000783100000, 0x0000000783200000|  0%| F|  |TAMS 0x0000000783100000| PB 0x0000000783100000| Untracked 
|  50|0x0000000783200000, 0x0000000783200000, 0x0000000783300000|  0%| F|  |TAMS 0x0000000783200000| PB 0x0000000783200000| Untracked 
|  51|0x0000000783300000, 0x0000000783300000, 0x0000000783400000|  0%| F|  |TAMS 0x0000000783300000| PB 0x0000000783300000| Untracked 
|  52|0x0000000783400000, 0x0000000783400000, 0x0000000783500000|  0%| F|  |TAMS 0x0000000783400000| PB 0x0000000783400000| Untracked 
|  53|0x0000000783500000, 0x0000000783500000, 0x0000000783600000|  0%| F|  |TAMS 0x0000000783500000| PB 0x0000000783500000| Untracked 
|  54|0x0000000783600000, 0x0000000783600000, 0x0000000783700000|  0%| F|  |TAMS 0x0000000783600000| PB 0x0000000783600000| Untracked 
|  55|0x0000000783700000, 0x0000000783700000, 0x0000000783800000|  0%| F|  |TAMS 0x0000000783700000| PB 0x0000000783700000| Untracked 
|  56|0x0000000783800000, 0x0000000783800000, 0x0000000783900000|  0%| F|  |TAMS 0x0000000783800000| PB 0x0000000783800000| Untracked 
|  57|0x0000000783900000, 0x0000000783900000, 0x0000000783a00000|  0%| F|  |TAMS 0x0000000783900000| PB 0x0000000783900000| Untracked 
|  58|0x0000000783a00000, 0x0000000783a00000, 0x0000000783b00000|  0%| F|  |TAMS 0x0000000783a00000| PB 0x0000000783a00000| Untracked 
|  59|0x0000000783b00000, 0x0000000783b00000, 0x0000000783c00000|  0%| F|  |TAMS 0x0000000783b00000| PB 0x0000000783b00000| Untracked 
|  60|0x0000000783c00000, 0x0000000783c00000, 0x0000000783d00000|  0%| F|  |TAMS 0x0000000783c00000| PB 0x0000000783c00000| Untracked 
|  61|0x0000000783d00000, 0x0000000783d00000, 0x0000000783e00000|  0%| F|  |TAMS 0x0000000783d00000| PB 0x0000000783d00000| Untracked 
|  62|0x0000000783e00000, 0x0000000783e00000, 0x0000000783f00000|  0%| F|  |TAMS 0x0000000783e00000| PB 0x0000000783e00000| Untracked 
|  63|0x0000000783f00000, 0x0000000783f00000, 0x0000000784000000|  0%| F|  |TAMS 0x0000000783f00000| PB 0x0000000783f00000| Untracked 
|  64|0x0000000784000000, 0x0000000784000000, 0x0000000784100000|  0%| F|  |TAMS 0x0000000784000000| PB 0x0000000784000000| Untracked 
|  65|0x0000000784100000, 0x0000000784100000, 0x0000000784200000|  0%| F|  |TAMS 0x0000000784100000| PB 0x0000000784100000| Untracked 
|  66|0x0000000784200000, 0x0000000784200000, 0x0000000784300000|  0%| F|  |TAMS 0x0000000784200000| PB 0x0000000784200000| Untracked 
|  67|0x0000000784300000, 0x0000000784300000, 0x0000000784400000|  0%| F|  |TAMS 0x0000000784300000| PB 0x0000000784300000| Untracked 
|  68|0x0000000784400000, 0x0000000784400000, 0x0000000784500000|  0%| F|  |TAMS 0x0000000784400000| PB 0x0000000784400000| Untracked 
|  69|0x0000000784500000, 0x0000000784500000, 0x0000000784600000|  0%| F|  |TAMS 0x0000000784500000| PB 0x0000000784500000| Untracked 
|  70|0x0000000784600000, 0x0000000784600000, 0x0000000784700000|  0%| F|  |TAMS 0x0000000784600000| PB 0x0000000784600000| Untracked 
|  71|0x0000000784700000, 0x0000000784700000, 0x0000000784800000|  0%| F|  |TAMS 0x0000000784700000| PB 0x0000000784700000| Untracked 
|  72|0x0000000784800000, 0x0000000784800000, 0x0000000784900000|  0%| F|  |TAMS 0x0000000784800000| PB 0x0000000784800000| Untracked 
|  73|0x0000000784900000, 0x0000000784900000, 0x0000000784a00000|  0%| F|  |TAMS 0x0000000784900000| PB 0x0000000784900000| Untracked 
|  74|0x0000000784a00000, 0x0000000784a00000, 0x0000000784b00000|  0%| F|  |TAMS 0x0000000784a00000| PB 0x0000000784a00000| Untracked 
|  75|0x0000000784b00000, 0x0000000784b00000, 0x0000000784c00000|  0%| F|  |TAMS 0x0000000784b00000| PB 0x0000000784b00000| Untracked 
|  76|0x0000000784c00000, 0x0000000784c00000, 0x0000000784d00000|  0%| F|  |TAMS 0x0000000784c00000| PB 0x0000000784c00000| Untracked 
|  77|0x0000000784d00000, 0x0000000784d00000, 0x0000000784e00000|  0%| F|  |TAMS 0x0000000784d00000| PB 0x0000000784d00000| Untracked 
|  78|0x0000000784e00000, 0x0000000784e00000, 0x0000000784f00000|  0%| F|  |TAMS 0x0000000784e00000| PB 0x0000000784e00000| Untracked 
|  79|0x0000000784f00000, 0x0000000784f00000, 0x0000000785000000|  0%| F|  |TAMS 0x0000000784f00000| PB 0x0000000784f00000| Untracked 
|  80|0x0000000785000000, 0x0000000785000000, 0x0000000785100000|  0%| F|  |TAMS 0x0000000785000000| PB 0x0000000785000000| Untracked 
|  81|0x0000000785100000, 0x0000000785100000, 0x0000000785200000|  0%| F|  |TAMS 0x0000000785100000| PB 0x0000000785100000| Untracked 
|  82|0x0000000785200000, 0x0000000785200000, 0x0000000785300000|  0%| F|  |TAMS 0x0000000785200000| PB 0x0000000785200000| Untracked 
|  83|0x0000000785300000, 0x0000000785300000, 0x0000000785400000|  0%| F|  |TAMS 0x0000000785300000| PB 0x0000000785300000| Untracked 
|  84|0x0000000785400000, 0x0000000785400000, 0x0000000785500000|  0%| F|  |TAMS 0x0000000785400000| PB 0x0000000785400000| Untracked 
|  85|0x0000000785500000, 0x0000000785500000, 0x0000000785600000|  0%| F|  |TAMS 0x0000000785500000| PB 0x0000000785500000| Untracked 
|  86|0x0000000785600000, 0x0000000785600000, 0x0000000785700000|  0%| F|  |TAMS 0x0000000785600000| PB 0x0000000785600000| Untracked 
|  87|0x0000000785700000, 0x0000000785700000, 0x0000000785800000|  0%| F|  |TAMS 0x0000000785700000| PB 0x0000000785700000| Untracked 
|  88|0x0000000785800000, 0x0000000785800000, 0x0000000785900000|  0%| F|  |TAMS 0x0000000785800000| PB 0x0000000785800000| Untracked 
|  89|0x0000000785900000, 0x0000000785900000, 0x0000000785a00000|  0%| F|  |TAMS 0x0000000785900000| PB 0x0000000785900000| Untracked 
|  90|0x0000000785a00000, 0x0000000785a00000, 0x0000000785b00000|  0%| F|  |TAMS 0x0000000785a00000| PB 0x0000000785a00000| Untracked 
|  91|0x0000000785b00000, 0x0000000785b00000, 0x0000000785c00000|  0%| F|  |TAMS 0x0000000785b00000| PB 0x0000000785b00000| Untracked 
|  92|0x0000000785c00000, 0x0000000785c00000, 0x0000000785d00000|  0%| F|  |TAMS 0x0000000785c00000| PB 0x0000000785c00000| Untracked 
|  93|0x0000000785d00000, 0x0000000785d00000, 0x0000000785e00000|  0%| F|  |TAMS 0x0000000785d00000| PB 0x0000000785d00000| Untracked 
|  94|0x0000000785e00000, 0x0000000785e00000, 0x0000000785f00000|  0%| F|  |TAMS 0x0000000785e00000| PB 0x0000000785e00000| Untracked 
|  95|0x0000000785f00000, 0x0000000785f00000, 0x0000000786000000|  0%| F|  |TAMS 0x0000000785f00000| PB 0x0000000785f00000| Untracked 
|  96|0x0000000786000000, 0x0000000786000000, 0x0000000786100000|  0%| F|  |TAMS 0x0000000786000000| PB 0x0000000786000000| Untracked 
|  97|0x0000000786100000, 0x0000000786100000, 0x0000000786200000|  0%| F|  |TAMS 0x0000000786100000| PB 0x0000000786100000| Untracked 
|  98|0x0000000786200000, 0x0000000786200000, 0x0000000786300000|  0%| F|  |TAMS 0x0000000786200000| PB 0x0000000786200000| Untracked 
|  99|0x0000000786300000, 0x0000000786300000, 0x0000000786400000|  0%| F|  |TAMS 0x0000000786300000| PB 0x0000000786300000| Untracked 
| 100|0x0000000786400000, 0x0000000786400000, 0x0000000786500000|  0%| F|  |TAMS 0x0000000786400000| PB 0x0000000786400000| Untracked 
| 101|0x0000000786500000, 0x0000000786500000, 0x0000000786600000|  0%| F|  |TAMS 0x0000000786500000| PB 0x0000000786500000| Untracked 
| 102|0x0000000786600000, 0x0000000786600000, 0x0000000786700000|  0%| F|  |TAMS 0x0000000786600000| PB 0x0000000786600000| Untracked 
| 103|0x0000000786700000, 0x0000000786700000, 0x0000000786800000|  0%| F|  |TAMS 0x0000000786700000| PB 0x0000000786700000| Untracked 
| 104|0x0000000786800000, 0x0000000786800000, 0x0000000786900000|  0%| F|  |TAMS 0x0000000786800000| PB 0x0000000786800000| Untracked 
| 105|0x0000000786900000, 0x0000000786a00000, 0x0000000786a00000|100%| E|  |TAMS 0x0000000786900000| PB 0x0000000786900000| Complete 
| 106|0x0000000786a00000, 0x0000000786b00000, 0x0000000786b00000|100%| E|  |TAMS 0x0000000786a00000| PB 0x0000000786a00000| Complete 
| 107|0x0000000786b00000, 0x0000000786c00000, 0x0000000786c00000|100%| E|CS|TAMS 0x0000000786b00000| PB 0x0000000786b00000| Complete 
| 108|0x0000000786c00000, 0x0000000786d00000, 0x0000000786d00000|100%| E|CS|TAMS 0x0000000786c00000| PB 0x0000000786c00000| Complete 
| 109|0x0000000786d00000, 0x0000000786e00000, 0x0000000786e00000|100%| E|CS|TAMS 0x0000000786d00000| PB 0x0000000786d00000| Complete 
| 110|0x0000000786e00000, 0x0000000786f00000, 0x0000000786f00000|100%| E|CS|TAMS 0x0000000786e00000| PB 0x0000000786e00000| Complete 
| 111|0x0000000786f00000, 0x0000000787000000, 0x0000000787000000|100%| E|CS|TAMS 0x0000000786f00000| PB 0x0000000786f00000| Complete 
| 112|0x0000000787000000, 0x0000000787100000, 0x0000000787100000|100%| E|CS|TAMS 0x0000000787000000| PB 0x0000000787000000| Complete 
| 113|0x0000000787100000, 0x0000000787200000, 0x0000000787200000|100%| E|CS|TAMS 0x0000000787100000| PB 0x0000000787100000| Complete 
| 114|0x0000000787200000, 0x0000000787300000, 0x0000000787300000|100%| E|CS|TAMS 0x0000000787200000| PB 0x0000000787200000| Complete 
| 115|0x0000000787300000, 0x0000000787400000, 0x0000000787400000|100%| E|CS|TAMS 0x0000000787300000| PB 0x0000000787300000| Complete 
| 116|0x0000000787400000, 0x0000000787500000, 0x0000000787500000|100%| E|CS|TAMS 0x0000000787400000| PB 0x0000000787400000| Complete 
| 117|0x0000000787500000, 0x0000000787600000, 0x0000000787600000|100%| E|CS|TAMS 0x0000000787500000| PB 0x0000000787500000| Complete 
| 118|0x0000000787600000, 0x0000000787700000, 0x0000000787700000|100%| E|CS|TAMS 0x0000000787600000| PB 0x0000000787600000| Complete 
| 119|0x0000000787700000, 0x0000000787800000, 0x0000000787800000|100%| E|CS|TAMS 0x0000000787700000| PB 0x0000000787700000| Complete 
| 120|0x0000000787800000, 0x0000000787900000, 0x0000000787900000|100%| E|CS|TAMS 0x0000000787800000| PB 0x0000000787800000| Complete 
| 121|0x0000000787900000, 0x0000000787a00000, 0x0000000787a00000|100%| E|CS|TAMS 0x0000000787900000| PB 0x0000000787900000| Complete 
| 122|0x0000000787a00000, 0x0000000787b00000, 0x0000000787b00000|100%| E|CS|TAMS 0x0000000787a00000| PB 0x0000000787a00000| Complete 
| 123|0x0000000787b00000, 0x0000000787c00000, 0x0000000787c00000|100%| E|CS|TAMS 0x0000000787b00000| PB 0x0000000787b00000| Complete 
| 124|0x0000000787c00000, 0x0000000787d00000, 0x0000000787d00000|100%| E|CS|TAMS 0x0000000787c00000| PB 0x0000000787c00000| Complete 
| 125|0x0000000787d00000, 0x0000000787e00000, 0x0000000787e00000|100%| E|CS|TAMS 0x0000000787d00000| PB 0x0000000787d00000| Complete 
| 126|0x0000000787e00000, 0x0000000787f00000, 0x0000000787f00000|100%| E|CS|TAMS 0x0000000787e00000| PB 0x0000000787e00000| Complete 
| 127|0x0000000787f00000, 0x0000000788000000, 0x0000000788000000|100%| E|CS|TAMS 0x0000000787f00000| PB 0x0000000787f00000| Complete 
|2046|0x00000007ffe00000, 0x00000007fff00000, 0x00000007fff00000|100%| O|  |TAMS 0x00000007ffe00000| PB 0x00000007ffe00000| Untracked 
|2047|0x00000007fff00000, 0x00000007fff033c0, 0x0000000800000000|  1%| O|  |TAMS 0x00000007fff00000| PB 0x00000007fff00000| Untracked 

Card table byte_map: [0x0000000101080000,0x0000000101480000] _byte_map_base: 0x00000000fd480000

Marking Bits: (CMBitMap*) 0x000000015980f810
 Bits: [0x000000011a194000, 0x000000011c194000)

Polling page: 0x0000000100780000

Metaspace:

Usage:
  Non-class:      5.33 MB used.
      Class:    735.63 KB used.
       Both:      6.05 MB used.

Virtual space:
  Non-class space:       64.00 MB reserved,       5.44 MB (  8%) committed,  1 nodes.
      Class space:        1.00 GB reserved,     832.00 KB ( <1%) committed,  1 nodes.
             Both:        1.06 GB reserved,       6.25 MB ( <1%) committed. 

Chunk freelists:
   Non-Class:  9.27 MB
       Class:  15.01 MB
        Both:  24.28 MB

MaxMetaspaceSize: unlimited
CompressedClassSpaceSize: 1.00 GB
Initial GC threshold: 21.00 MB
Current GC threshold: 21.00 MB
CDS: on
 - commit_granule_bytes: 65536.
 - commit_granule_words: 8192.
 - virtual_space_node_default_size: 8388608.
 - enlarge_chunks_in_place: 1.
 - use_allocation_guard: 0.


Internal statistics:

num_allocs_failed_limit: 0.
num_arena_births: 144.
num_arena_deaths: 0.
num_vsnodes_births: 2.
num_vsnodes_deaths: 0.
num_space_committed: 100.
num_space_uncommitted: 0.
num_chunks_returned_to_freelist: 0.
num_chunks_taken_from_freelist: 300.
num_chunk_merges: 0.
num_chunk_splits: 198.
num_chunks_enlarged: 137.
num_inconsistent_stats: 0.

CodeHeap 'non-profiled nmethods': size=120032Kb used=301Kb max_used=301Kb free=119730Kb
 bounds [0x0000000112c5c000, 0x0000000112ecc000, 0x000000011a194000]
CodeHeap 'profiled nmethods': size=120016Kb used=1742Kb max_used=1742Kb free=118273Kb
 bounds [0x000000010b194000, 0x000000010b404000, 0x00000001126c8000]
CodeHeap 'non-nmethods': size=5712Kb used=1417Kb max_used=1432Kb free=4294Kb
 bounds [0x00000001126c8000, 0x0000000112938000, 0x0000000112c5c000]
 total_blobs=1613 nmethods=1029 adapters=493
 compilation: enabled
              stopped_count=0, restarted_count=0
 full_count=0

Compilation events (20 events):
Event: 5.503 Thread 0x000000014980de00 1035       3       jdk.internal.org.objectweb.asm.MethodVisitor::<init> (78 bytes)
Event: 5.503 Thread 0x000000014980de00 nmethod 1035 0x000000010b341a10 code [0x000000010b341c80, 0x000000010b342418]
Event: 5.503 Thread 0x000000014980de00 1036       3       java.util.ArrayList::iterator (9 bytes)
Event: 5.504 Thread 0x000000014980de00 nmethod 1036 0x000000010b342710 code [0x000000010b3428c0, 0x000000010b342b40]
Event: 5.504 Thread 0x000000014980de00 1037       3       java.util.ArrayList$Itr::<init> (26 bytes)
Event: 5.504 Thread 0x000000014980de00 nmethod 1037 0x000000010b342c90 code [0x000000010b342e40, 0x000000010b343018]
Event: 5.536 Thread 0x000000014980de00 1038       3       java.security.CodeSource::<init> (52 bytes)
Event: 5.536 Thread 0x000000014980de00 nmethod 1038 0x000000010b343110 code [0x000000010b343300, 0x000000010b343818]
Event: 5.556 Thread 0x000000014980de00 1042       3       java.lang.invoke.MethodHandles$Lookup::in (283 bytes)
Event: 5.556 Thread 0x000000014980de00 nmethod 1042 0x000000010b343990 code [0x000000010b343f00, 0x000000010b3458e8]
Event: 5.565 Thread 0x000000015a009000 1043       4       java.lang.AbstractStringBuilder::append (45 bytes)
Event: 5.567 Thread 0x000000015a009000 nmethod 1043 0x0000000112ca6c10 code [0x0000000112ca6e00, 0x0000000112ca7408]
Event: 13.623 Thread 0x000000014980de00 1044       3       java.util.Arrays::hashCode (56 bytes)
Event: 13.624 Thread 0x000000014980de00 nmethod 1044 0x000000010b346290 code [0x000000010b346440, 0x000000010b3467a8]
Event: 13.624 Thread 0x000000014980de00 1045       3       jdk.internal.org.objectweb.asm.MethodWriter::visitMaxs (60 bytes)
Event: 13.624 Thread 0x000000014980de00 nmethod 1045 0x000000010b346910 code [0x000000010b346b00, 0x000000010b346e18]
Event: 13.624 Thread 0x000000014980de00 1050       3       jdk.internal.org.objectweb.asm.Handler::putExceptionTable (63 bytes)
Event: 13.624 Thread 0x000000015a009000 1051   !   4       java.util.concurrent.ConcurrentHashMap::putVal (432 bytes)
Event: 13.624 Thread 0x000000014980de00 nmethod 1050 0x000000010b346f10 code [0x000000010b347180, 0x000000010b3476e0]
Event: 13.624 Thread 0x000000014980de00 1049       3       jdk.internal.org.objectweb.asm.MethodWriter::putMethodInfo (1274 bytes)

GC Heap History (0 events):
No events

Dll operation events (11 events):
Event: 0.007 Loaded shared library /Users/ayushrg/Library/Java/JavaVirtualMachines/openjdk-21.0.2/Contents/Home/lib/libjava.dylib
Event: 0.022 Loaded shared library /Users/ayushrg/Library/Java/JavaVirtualMachines/openjdk-21.0.2/Contents/Home/lib/libnio.dylib
Event: 0.035 Loaded shared library /Users/ayushrg/Library/Java/JavaVirtualMachines/openjdk-21.0.2/Contents/Home/lib/libzip.dylib
Event: 0.049 Loaded shared library /Users/ayushrg/Library/Java/JavaVirtualMachines/openjdk-21.0.2/Contents/Home/lib/libnet.dylib
Event: 0.076 Loaded shared library /Users/ayushrg/Library/Java/JavaVirtualMachines/openjdk-21.0.2/Contents/Home/lib/libzip.dylib
Event: 0.077 Loaded shared library /Users/ayushrg/Library/Java/JavaVirtualMachines/openjdk-21.0.2/Contents/Home/lib/libinstrument.dylib
Event: 0.132 Loading shared library /Users/ayushrg/.m2/repository/org/openjfx/javafx-graphics/21/libprism_es2.dylib failed, dlopen(/Users/ayushrg/.m2/repository/org/openjfx/javafx-graphics/21/libprism_es2.dylib, 0x0001): tried: '/Users/ayushrg/.m2/repository/org/openj
Event: 0.194 Loaded shared library /Users/ayushrg/.openjfx/cache/21+31/aarch64/libprism_es2.dylib
Event: 0.287 Loading shared library /Users/ayushrg/.m2/repository/org/openjfx/javafx-graphics/21/libglass.dylib failed, dlopen(/Users/ayushrg/.m2/repository/org/openjfx/javafx-graphics/21/libglass.dylib, 0x0001): tried: '/Users/ayushrg/.m2/repository/org/openjfx/javaf
Event: 0.305 Loaded shared library /Users/ayushrg/.openjfx/cache/21+31/aarch64/libglass.dylib
Event: 5.402 Loaded shared library /Users/ayushrg/Library/Java/JavaVirtualMachines/openjdk-21.0.2/Contents/Home/lib/libjimage.dylib

Deoptimization events (20 events):
Event: 5.436 Thread 0x000000015a970a00 Uncommon trap: trap_request=0xffffff45 fr.pc=0x0000000112c7276c relative=0x000000000000012c
Event: 5.436 Thread 0x000000015a970a00 Uncommon trap: reason=unstable_if action=reinterpret pc=0x0000000112c7276c method=java.lang.StringLatin1.lastIndexOf([BI[BII)I @ 86 c2
Event: 5.436 Thread 0x000000015a970a00 DEOPT PACKING pc=0x0000000112c7276c sp=0x0000000172329650
Event: 5.436 Thread 0x000000015a970a00 DEOPT UNPACKING pc=0x000000011270b01c sp=0x00000001723295b0 mode 2
Event: 5.437 Thread 0x000000015a970a00 Uncommon trap: trap_request=0xffffff3d fr.pc=0x0000000112c90da4 relative=0x0000000000000ce4
Event: 5.437 Thread 0x000000015a970a00 Uncommon trap: reason=unstable_fused_if action=reinterpret pc=0x0000000112c90da4 method=java.util.HashMap.resize()[Ljava/util/HashMap$Node; @ 31 c2
Event: 5.437 Thread 0x000000015a970a00 DEOPT PACKING pc=0x0000000112c90da4 sp=0x0000000172329090
Event: 5.437 Thread 0x000000015a970a00 DEOPT UNPACKING pc=0x000000011270b01c sp=0x0000000172328ff0 mode 2
Event: 5.438 Thread 0x000000015a970a00 Uncommon trap: trap_request=0xffffff45 fr.pc=0x0000000112c65a64 relative=0x0000000000000064
Event: 5.438 Thread 0x000000015a970a00 Uncommon trap: reason=unstable_if action=reinterpret pc=0x0000000112c65a64 method=java.lang.String.isLatin1()Z @ 10 c2
Event: 5.438 Thread 0x000000015a970a00 DEOPT PACKING pc=0x0000000112c65a64 sp=0x0000000172329a20
Event: 5.438 Thread 0x000000015a970a00 DEOPT UNPACKING pc=0x000000011270b01c sp=0x00000001723299c0 mode 2
Event: 5.438 Thread 0x000000015a970a00 Uncommon trap: trap_request=0xffffff45 fr.pc=0x0000000112c65d60 relative=0x0000000000000060
Event: 5.438 Thread 0x000000015a970a00 Uncommon trap: reason=unstable_if action=reinterpret pc=0x0000000112c65d60 method=java.lang.CharacterData.of(I)Ljava/lang/CharacterData; @ 4 c2
Event: 5.438 Thread 0x000000015a970a00 DEOPT PACKING pc=0x0000000112c65d60 sp=0x00000001723294d0
Event: 5.438 Thread 0x000000015a970a00 DEOPT UNPACKING pc=0x000000011270b01c sp=0x0000000172329470 mode 2
Event: 5.499 Thread 0x000000015a955000 Uncommon trap: trap_request=0xffffff45 fr.pc=0x0000000112c912d4 relative=0x0000000000000054
Event: 5.499 Thread 0x000000015a955000 Uncommon trap: reason=unstable_if action=reinterpret pc=0x0000000112c912d4 method=java.lang.StringLatin1.canEncode(I)Z @ 4 c2
Event: 5.499 Thread 0x000000015a955000 DEOPT PACKING pc=0x0000000112c912d4 sp=0x000000016f68d4e0
Event: 5.499 Thread 0x000000015a955000 DEOPT UNPACKING pc=0x000000011270b01c sp=0x000000016f68d470 mode 2

Classes loaded (20 events):
Event: 5.502 Loading class sun/util/PropertyResourceBundleCharset
Event: 5.502 Loading class sun/util/PropertyResourceBundleCharset done
Event: 5.502 Loading class sun/util/PropertyResourceBundleCharset$PropertiesFileDecoder
Event: 5.502 Loading class sun/util/PropertyResourceBundleCharset$PropertiesFileDecoder done
Event: 5.557 Loading class java/util/LinkedList$Node
Event: 5.557 Loading class java/util/LinkedList$Node done
Event: 5.557 Loading class java/util/WeakHashMap$EntrySet
Event: 5.557 Loading class java/util/WeakHashMap$EntrySet done
Event: 5.557 Loading class java/util/WeakHashMap$EntryIterator
Event: 5.557 Loading class java/util/WeakHashMap$EntryIterator done
Event: 5.558 Loading class java/util/ConcurrentModificationException
Event: 5.558 Loading class java/util/ConcurrentModificationException done
Event: 5.565 Loading class jdk/jfr/FlightRecorder
Event: 5.565 Loading class jdk/jfr/FlightRecorder done
Event: 11.346 Loading class java/util/AbstractList$RandomAccessSubList
Event: 11.346 Loading class java/util/AbstractList$SubList
Event: 11.346 Loading class java/util/AbstractList$SubList done
Event: 11.346 Loading class java/util/AbstractList$RandomAccessSubList done
Event: 11.347 Loading class java/util/LinkedList$ListItr
Event: 11.347 Loading class java/util/LinkedList$ListItr done

Classes unloaded (0 events):
No events

Classes redefined (0 events):
No events

Internal exceptions (18 events):
Event: 0.039 Thread 0x000000015980c800 Exception <a 'java/lang/NoSuchMethodError'{0x0000000787f74490}: 'void java.lang.invoke.DirectMethodHandle$Holder.invokeSpecial(java.lang.Object, java.lang.Object, java.lang.Object)'> (0x0000000787f74490) 
thrown [open/src/hotspot/share/interpreter/linkResolver.cpp, line 773]
Event: 0.053 Thread 0x000000015980c800 Exception <a 'java/lang/NoSuchMethodError'{0x0000000787e9bf18}: 'void java.lang.invoke.DirectMethodHandle$Holder.invokeVirtual(java.lang.Object, java.lang.Object)'> (0x0000000787e9bf18) 
thrown [open/src/hotspot/share/interpreter/linkResolver.cpp, line 773]
Event: 0.054 Thread 0x000000015980c800 Exception <a 'java/lang/NoSuchMethodError'{0x0000000787ea6928}: 'java.lang.Object java.lang.invoke.DirectMethodHandle$Holder.invokeInterface(java.lang.Object, java.lang.Object, java.lang.Object)'> (0x0000000787ea6928) 
thrown [open/src/hotspot/share/interpreter/linkResolver.cpp, line 773]
Event: 0.079 Thread 0x000000015980c800 Implicit null exception at 0x0000000112c681fc to 0x0000000112c6831c
Event: 0.079 Thread 0x000000015980c800 Exception <a 'java/lang/NoSuchMethodError'{0x0000000787b74530}: 'void java.lang.invoke.DirectMethodHandle$Holder.invokeStatic(java.lang.Object, java.lang.Object, java.lang.Object)'> (0x0000000787b74530) 
thrown [open/src/hotspot/share/interpreter/linkResolver.cpp, line 773]
Event: 0.082 Thread 0x000000015980c800 Exception <a 'java/lang/NoSuchMethodError'{0x0000000787b8aed8}: 'java.lang.Object java.lang.invoke.Invokers$Holder.invokeExact_MT(java.lang.Object, java.lang.Object, java.lang.Object, java.lang.Object, java.lang.Object)'> (0x0000000787b8aed8) 
thrown [open/src/hotspot/share/interpreter/linkResolver.cpp, line 773]
Event: 0.086 Thread 0x000000015a02d600 Exception <a 'java/lang/ClassNotFoundException'{0x0000000787bef4b8}: jdk/net/ExtendedSocketOptions> (0x0000000787bef4b8) 
thrown [open/src/hotspot/share/classfile/systemDictionary.cpp, line 312]
Event: 0.087 Thread 0x000000015a02d600 Exception <a 'java/lang/NoSuchMethodError'{0x0000000787bf0b28}: 'void java.lang.invoke.DirectMethodHandle$Holder.invokeStatic(java.lang.Object, java.lang.Object)'> (0x0000000787bf0b28) 
thrown [open/src/hotspot/share/interpreter/linkResolver.cpp, line 773]
Event: 0.088 Thread 0x000000015980c800 Exception <a 'java/lang/NoSuchMethodError'{0x0000000787a3f4b0}: 'void java.lang.invoke.DirectMethodHandle$Holder.invokeStatic(java.lang.Object, java.lang.Object, java.lang.Object, java.lang.Object)'> (0x0000000787a3f4b0) 
thrown [open/src/hotspot/share/interpreter/linkResolver.cpp, line 773]
Event: 0.089 Thread 0x000000015980c800 Exception <a 'java/lang/NoSuchMethodError'{0x0000000787a43150}: 'void java.lang.invoke.DirectMethodHandle$Holder.invokeSpecial(java.lang.Object, java.lang.Object, java.lang.Object, java.lang.Object, java.lang.Object)'> (0x0000000787a43150) 
thrown [open/src/hotspot/share/interpreter/linkResolver.cpp, line 773]
Event: 0.091 Thread 0x000000015980c800 Exception <a 'java/lang/NoSuchMethodError'{0x0000000787a54950}: 'java.lang.Object java.lang.invoke.Invokers$Holder.invokeExact_MT(java.lang.Object, java.lang.Object, java.lang.Object, java.lang.Object, java.lang.Object, java.lang.Object)'> (0x0000000787a54950) 
thrown [open/src/hotspot/share/interpreter/linkResolver.cpp, line 773]
Event: 0.283 Thread 0x000000015980c800 Exception <a 'java/lang/NoSuchMethodError'{0x00000007875944c0}: 'int java.lang.invoke.DirectMethodHandle$Holder.invokeStaticInit(java.lang.Object, java.lang.Object, java.lang.Object)'> (0x00000007875944c0) 
thrown [open/src/hotspot/share/interpreter/linkResolver.cpp, line 773]
Event: 5.428 Thread 0x000000015a970a00 Exception <a 'java/lang/NoSuchMethodError'{0x0000000787262e28}: 'java.lang.Object java.lang.invoke.DirectMethodHandle$Holder.invokeStatic(java.lang.Object, int, java.lang.Object)'> (0x0000000787262e28) 
thrown [open/src/hotspot/share/interpreter/linkResolver.cpp, line 773]
Event: 5.430 Thread 0x000000015a970a00 Exception <a 'java/lang/ClassNotFoundException'{0x0000000787274740}: sun/util/logging/resources/spi/loggingProvider> (0x0000000787274740) 
thrown [open/src/hotspot/share/classfile/systemDictionary.cpp, line 312]
Event: 5.462 Thread 0x000000015a955000 Exception <a 'java/lang/NoSuchMethodError'{0x0000000786f46900}: 'void java.lang.invoke.DirectMethodHandle$Holder.invokeStaticInit(java.lang.Object)'> (0x0000000786f46900) 
thrown [open/src/hotspot/share/interpreter/linkResolver.cpp, line 773]
Event: 5.464 Thread 0x000000015980c800 Exception <a 'java/lang/NoSuchMethodError'{0x0000000787470eb0}: 'java.lang.Object java.lang.invoke.DirectMethodHandle$Holder.newInvokeSpecial(java.lang.Object, java.lang.Object, java.lang.Object, java.lang.Object, java.lang.Object, java.lang.Object)'> (0x0000000787470eb0) 
thrown [open/src/hotspot/share/interpreter/linkResolver.cpp, line 773]
Event: 5.476 Thread 0x000000015980c800 Exception <a 'java/lang/NoSuchMethodError'{0x0000000786e26c48}: 'java.lang.Object java.lang.invoke.DirectMethodHandle$Holder.newInvokeSpecial(java.lang.Object, java.lang.Object, java.lang.Object, java.lang.Object, java.lang.Object)'> (0x0000000786e26c48) 
thrown [open/src/hotspot/share/interpreter/linkResolver.cpp, line 773]
Event: 5.537 Thread 0x000000015a955000 Exception <a 'java/lang/NoSuchMethodError'{0x0000000786a9d6d8}: 'java.lang.Object java.lang.invoke.DirectMethodHandle$Holder.newInvokeSpecial(java.lang.Object, java.lang.Object, int)'> (0x0000000786a9d6d8) 
thrown [open/src/hotspot/share/interpreter/linkResolver.cpp, line 773]

ZGC Phase Switch (0 events):
No events

VM Operations (16 events):
Event: 0.070 Executing VM operation: HandshakeAllThreads (Deoptimize)
Event: 0.070 Executing VM operation: HandshakeAllThreads (Deoptimize) done
Event: 0.070 Executing VM operation: HandshakeAllThreads (Deoptimize)
Event: 0.070 Executing VM operation: HandshakeAllThreads (Deoptimize) done
Event: 0.103 Executing VM operation: ICBufferFull
Event: 0.103 Executing VM operation: ICBufferFull done
Event: 1.108 Executing VM operation: Cleanup
Event: 1.108 Executing VM operation: Cleanup done
Event: 5.438 Executing VM operation: HandshakeAllThreads (Deoptimize)
Event: 5.438 Executing VM operation: HandshakeAllThreads (Deoptimize) done
Event: 5.438 Executing VM operation: Cleanup
Event: 5.438 Executing VM operation: Cleanup done
Event: 6.443 Executing VM operation: Cleanup
Event: 6.443 Executing VM operation: Cleanup done
Event: 11.457 Executing VM operation: Cleanup
Event: 11.457 Executing VM operation: Cleanup done

Events (20 events):
Event: 5.847 Protecting memory [0x0000000170780000,0x000000017078c000] with protection modes 3
Event: 5.847 Thread 0x000000015a0c2400 Thread exited: 0x000000015a0c2400
Event: 13.624 Protecting memory [0x0000000172128000,0x0000000172134000] with protection modes 3
Event: 13.624 Protecting memory [0x000000016ee98000,0x000000016eea4000] with protection modes 3
Event: 13.624 Thread 0x000000015a955000 Thread exited: 0x000000015a955000
Event: 13.624 Thread 0x000000015a0c1c00 Thread exited: 0x000000015a0c1c00
Event: 13.624 Protecting memory [0x0000000171d10000,0x0000000171d1c000] with protection modes 3
Event: 13.624 Thread 0x000000015a02f800 Thread exited: 0x000000015a02f800
Event: 13.624 Protecting memory [0x000000016f720000,0x000000016f72c000] with protection modes 3
Event: 13.624 Thread 0x000000015980c800 Thread exited: 0x000000015980c800
Event: 13.624 Protecting memory [0x000000016f720000,0x000000016f72c000] with protection modes 0
Event: 13.624 Thread 0x000000015b81fc00 Thread added: 0x000000015b81fc00
Event: 13.624 Thread 0x000000015b9a4600 Thread added: 0x000000015b9a4600
Event: 13.624 Protecting memory [0x0000000171d10000,0x0000000171d1c000] with protection modes 0
Event: 13.624 Protecting memory [0x0000000171d10000,0x0000000171d1c000] with protection modes 3
Event: 13.625 Thread 0x000000015b9a4600 Thread exited: 0x000000015b9a4600
Event: 13.625 Protecting memory [0x000000016f720000,0x000000016f72c000] with protection modes 3
Event: 13.625 Thread 0x000000015b81fc00 Thread exited: 0x000000015b81fc00
Event: 13.625 Protecting memory [0x0000000170cb0000,0x0000000170cbc000] with protection modes 3
Event: 13.625 Thread 0x0000000159871400 Thread exited: 0x0000000159871400


Dynamic libraries:
0x0000000100bf0000 	/Users/ayushrg/Library/Java/JavaVirtualMachines/openjdk-21.0.2/Contents/Home/lib/libjli.dylib
0x000000019dc1d000 	/System/Library/Frameworks/Cocoa.framework/Versions/A/Cocoa
0x00000001877a1000 	/System/Library/Frameworks/AppKit.framework/Versions/C/AppKit
0x000000018a7d5000 	/System/Library/Frameworks/CoreData.framework/Versions/A/CoreData
0x00000001850ad000 	/System/Library/Frameworks/Foundation.framework/Versions/C/Foundation
0x00000001907b1000 	/usr/lib/libSystem.B.dylib
0x0000000188abc000 	/System/Library/PrivateFrameworks/UIFoundation.framework/Versions/A/UIFoundation
0x00000001fa9b2000 	/System/Library/PrivateFrameworks/CollectionViewCore.framework/Versions/A/CollectionViewCore
0x0000000197955000 	/System/Library/PrivateFrameworks/RemoteViewServices.framework/Versions/A/RemoteViewServices
0x000000018e854000 	/System/Library/PrivateFrameworks/XCTTargetBootstrap.framework/Versions/A/XCTTargetBootstrap
0x0000000192d9a000 	/System/Library/PrivateFrameworks/InternationalSupport.framework/Versions/A/InternationalSupport
0x0000000192e22000 	/System/Library/PrivateFrameworks/UserActivity.framework/Versions/A/UserActivity
0x000000021cc7a000 	/System/Library/PrivateFrameworks/WindowManagement.framework/Versions/A/WindowManagement
0x0000000184d37000 	/System/Library/Frameworks/SystemConfiguration.framework/Versions/A/SystemConfiguration
0x000000019223c000 	/usr/lib/libspindump.dylib
0x0000000188c71000 	/System/Library/Frameworks/UniformTypeIdentifiers.framework/Versions/A/UniformTypeIdentifiers
0x000000018c7ab000 	/usr/lib/libapp_launch_measurement.dylib
0x000000018bbbd000 	/System/Library/PrivateFrameworks/CoreAnalytics.framework/Versions/A/CoreAnalytics
0x000000018c7b2000 	/System/Library/PrivateFrameworks/CoreAutoLayout.framework/Versions/A/CoreAutoLayout
0x000000018e07e000 	/System/Library/Frameworks/Metal.framework/Versions/A/Metal
0x000000018efc4000 	/usr/lib/liblangid.dylib
0x000000018e85a000 	/System/Library/PrivateFrameworks/CoreSVG.framework/Versions/A/CoreSVG
0x000000018962b000 	/System/Library/PrivateFrameworks/SkyLight.framework/Versions/A/SkyLight
0x0000000189ac1000 	/System/Library/Frameworks/CoreGraphics.framework/Versions/A/CoreGraphics
0x000000019809d000 	/System/Library/Frameworks/Accelerate.framework/Versions/A/Accelerate
0x000000019209a000 	/System/Library/PrivateFrameworks/IconServices.framework/Versions/A/IconServices
0x000000018e05c000 	/System/Library/Frameworks/IOSurface.framework/Versions/A/IOSurface
0x000000018bbec000 	/usr/lib/libDiagnosticMessagesClient.dylib
0x00000001906f4000 	/usr/lib/libz.1.dylib
0x000000019b78b000 	/System/Library/Frameworks/ApplicationServices.framework/Versions/A/ApplicationServices
0x000000018e83c000 	/System/Library/PrivateFrameworks/DFRFoundation.framework/Versions/A/DFRFoundation
0x000000018700d000 	/usr/lib/libicucore.A.dylib
0x0000000193dff000 	/System/Library/Frameworks/AudioToolbox.framework/Versions/A/AudioToolbox
0x0000000192da7000 	/System/Library/PrivateFrameworks/DataDetectorsCore.framework/Versions/A/DataDetectorsCore
0x00000001abff5000 	/System/Library/PrivateFrameworks/TextInput.framework/Versions/A/TextInput
0x000000018957e000 	/usr/lib/libMobileGestalt.dylib
0x000000018e57c000 	/System/Library/Frameworks/Carbon.framework/Versions/A/Frameworks/HIToolbox.framework/Versions/A/HIToolbox
0x000000018c0be000 	/System/Library/Frameworks/QuartzCore.framework/Versions/A/QuartzCore
0x0000000186c4b000 	/System/Library/Frameworks/Security.framework/Versions/A/Security
0x0000000197995000 	/System/Library/Frameworks/Carbon.framework/Versions/A/Frameworks/SpeechRecognition.framework/Versions/A/SpeechRecognition
0x000000018c4d9000 	/System/Library/PrivateFrameworks/CoreUI.framework/Versions/A/CoreUI
0x0000000186558000 	/System/Library/Frameworks/CoreAudio.framework/Versions/A/CoreAudio
0x000000018bcd0000 	/System/Library/Frameworks/DiskArbitration.framework/Versions/A/DiskArbitration
0x0000000192692000 	/System/Library/PrivateFrameworks/MultitouchSupport.framework/Versions/A/MultitouchSupport
0x000000018957c000 	/usr/lib/libenergytrace.dylib
0x00000001a1bf1000 	/System/Library/PrivateFrameworks/RenderBox.framework/Versions/A/RenderBox
0x0000000187657000 	/System/Library/Frameworks/IOKit.framework/Versions/A/IOKit
0x0000000197d99000 	/System/Library/Frameworks/CoreServices.framework/Versions/A/CoreServices
0x000000018c737000 	/System/Library/PrivateFrameworks/PerformanceAnalysis.framework/Versions/A/PerformanceAnalysis
0x00000001ec604000 	/System/Library/Frameworks/OpenGL.framework/Versions/A/OpenGL
0x000000018c7fc000 	/usr/lib/libxml2.2.dylib
0x000000018fbf1000 	/System/Library/PrivateFrameworks/MobileKeyBag.framework/Versions/A/MobileKeyBag
0x0000000183b4c000 	/usr/lib/libobjc.A.dylib
0x0000000183e36000 	/usr/lib/libc++.1.dylib
0x0000000197d16000 	/System/Library/Frameworks/Accessibility.framework/Versions/A/Accessibility
0x000000018a19e000 	/System/Library/Frameworks/ColorSync.framework/Versions/A/ColorSync
0x0000000183f82000 	/System/Library/Frameworks/CoreFoundation.framework/Versions/A/CoreFoundation
0x000000018ebaf000 	/System/Library/Frameworks/CoreImage.framework/Versions/A/CoreImage
0x0000000186363000 	/System/Library/Frameworks/CoreText.framework/Versions/A/CoreText
0x00000001f0e06000 	/System/Library/Frameworks/CoreTransferable.framework/Versions/A/CoreTransferable
0x00000001f12e8000 	/System/Library/Frameworks/DeveloperToolsSupport.framework/Versions/A/DeveloperToolsSupport
0x000000018e895000 	/System/Library/Frameworks/ImageIO.framework/Versions/A/ImageIO
0x00000001f5235000 	/System/Library/Frameworks/Symbols.framework/Versions/A/Symbols
0x00000001907b7000 	/System/Library/PrivateFrameworks/SoftLinking.framework/Versions/A/SoftLinking
0x00000001937d1000 	/usr/lib/swift/libswiftCore.dylib
0x00000001a8d26000 	/usr/lib/swift/libswiftCoreFoundation.dylib
0x00000001a69b7000 	/usr/lib/swift/libswiftCoreGraphics.dylib
0x00000001a8d72000 	/usr/lib/swift/libswiftCoreImage.dylib
0x00000001a69be000 	/usr/lib/swift/libswiftDarwin.dylib
0x000000019940c000 	/usr/lib/swift/libswiftDispatch.dylib
0x00000001a8d73000 	/usr/lib/swift/libswiftIOKit.dylib
0x00000001b472f000 	/usr/lib/swift/libswiftMetal.dylib
0x00000001c10b1000 	/usr/lib/swift/libswiftOSLog.dylib
0x000000019bbf7000 	/usr/lib/swift/libswiftObjectiveC.dylib
0x00000001b834f000 	/usr/lib/swift/libswiftQuartzCore.dylib
0x00000001bc3a2000 	/usr/lib/swift/libswiftUniformTypeIdentifiers.dylib
0x00000001a8d3c000 	/usr/lib/swift/libswiftXPC.dylib
0x0000000224f72000 	/usr/lib/swift/libswift_Concurrency.dylib
0x000000019bbfb000 	/usr/lib/swift/libswiftos.dylib
0x00000001abf59000 	/usr/lib/swift/libswiftsimd.dylib
0x0000000190964000 	/usr/lib/libcompression.dylib
0x0000000192cf4000 	/System/Library/PrivateFrameworks/TextureIO.framework/Versions/A/TextureIO
0x0000000191d4d000 	/usr/lib/libate.dylib
0x00000001907ab000 	/usr/lib/system/libcache.dylib
0x0000000190766000 	/usr/lib/system/libcommonCrypto.dylib
0x0000000190792000 	/usr/lib/system/libcompiler_rt.dylib
0x0000000190788000 	/usr/lib/system/libcopyfile.dylib
0x0000000183c97000 	/usr/lib/system/libcorecrypto.dylib
0x0000000183d6d000 	/usr/lib/system/libdispatch.dylib
0x0000000183f28000 	/usr/lib/system/libdyld.dylib
0x00000001907a1000 	/usr/lib/system/libkeymgr.dylib
0x000000019073e000 	/usr/lib/system/libmacho.dylib
0x000000018fcd7000 	/usr/lib/system/libquarantine.dylib
0x000000019079e000 	/usr/lib/system/libremovefile.dylib
0x00000001895f2000 	/usr/lib/system/libsystem_asl.dylib
0x0000000183c30000 	/usr/lib/system/libsystem_blocks.dylib
0x0000000183db7000 	/usr/lib/system/libsystem_c.dylib
0x0000000190796000 	/usr/lib/system/libsystem_collections.dylib
0x000000018efb2000 	/usr/lib/system/libsystem_configuration.dylib
0x000000018e032000 	/usr/lib/system/libsystem_containermanager.dylib
0x00000001903dd000 	/usr/lib/system/libsystem_coreservices.dylib
0x00000001872c6000 	/usr/lib/system/libsystem_darwin.dylib
0x000000022529e000 	/usr/lib/system/libsystem_darwindirectory.dylib
0x00000001907a2000 	/usr/lib/system/libsystem_dnssd.dylib
0x0000000183db4000 	/usr/lib/system/libsystem_featureflags.dylib
0x0000000183f55000 	/usr/lib/system/libsystem_info.dylib
0x0000000190703000 	/usr/lib/system/libsystem_m.dylib
0x0000000183d36000 	/usr/lib/system/libsystem_malloc.dylib
0x0000000189562000 	/usr/lib/system/libsystem_networkextension.dylib
0x0000000187739000 	/usr/lib/system/libsystem_notify.dylib
0x000000018efb7000 	/usr/lib/system/libsystem_sandbox.dylib
0x000000019079b000 	/usr/lib/system/libsystem_secinit.dylib
0x0000000183ee0000 	/usr/lib/system/libsystem_kernel.dylib
0x0000000183f4e000 	/usr/lib/system/libsystem_platform.dylib
0x0000000183f1b000 	/usr/lib/system/libsystem_pthread.dylib
0x000000018afc7000 	/usr/lib/system/libsystem_symptoms.dylib
0x0000000183c7c000 	/usr/lib/system/libsystem_trace.dylib
0x0000000190774000 	/usr/lib/system/libunwind.dylib
0x0000000183c35000 	/usr/lib/system/libxpc.dylib
0x0000000183ec4000 	/usr/lib/libc++abi.dylib
0x0000000190780000 	/usr/lib/liboah.dylib
0x0000000191c00000 	/usr/lib/liblzma.5.dylib
0x00000001907b3000 	/usr/lib/libfakelink.dylib
0x000000018918e000 	/System/Library/Frameworks/CFNetwork.framework/Versions/A/CFNetwork
0x0000000190807000 	/usr/lib/libarchive.2.dylib
0x0000000195c80000 	/System/Library/Frameworks/Combine.framework/Versions/A/Combine
0x00000001fa9c6000 	/System/Library/PrivateFrameworks/CollectionsInternal.framework/Versions/A/CollectionsInternal
0x000000021010e000 	/System/Library/PrivateFrameworks/ReflectionInternal.framework/Versions/A/ReflectionInternal
0x00000002106bb000 	/System/Library/PrivateFrameworks/RuntimeInternal.framework/Versions/A/RuntimeInternal
0x00000002250bb000 	/usr/lib/swift/libswift_StringProcessing.dylib
0x00000001875d6000 	/System/Library/PrivateFrameworks/CoreServicesInternal.framework/Versions/A/CoreServicesInternal
0x000000018fcfe000 	/usr/lib/libbsm.0.dylib
0x0000000190746000 	/usr/lib/system/libkxld.dylib
0x000000018c773000 	/System/Library/Frameworks/CoreServices.framework/Versions/A/Frameworks/FSEvents.framework/Versions/A/FSEvents
0x00000001872d1000 	/System/Library/Frameworks/CoreServices.framework/Versions/A/Frameworks/CarbonCore.framework/Versions/A/CarbonCore
0x000000018bc35000 	/System/Library/Frameworks/CoreServices.framework/Versions/A/Frameworks/Metadata.framework/Versions/A/Metadata
0x00000001903e3000 	/System/Library/Frameworks/CoreServices.framework/Versions/A/Frameworks/OSServices.framework/Versions/A/OSServices
0x0000000190890000 	/System/Library/Frameworks/CoreServices.framework/Versions/A/Frameworks/SearchKit.framework/Versions/A/SearchKit
0x000000018af49000 	/System/Library/Frameworks/CoreServices.framework/Versions/A/Frameworks/AE.framework/Versions/A/AE
0x000000018445a000 	/System/Library/Frameworks/CoreServices.framework/Versions/A/Frameworks/LaunchServices.framework/Versions/A/LaunchServices
0x0000000191ba9000 	/System/Library/Frameworks/CoreServices.framework/Versions/A/Frameworks/DictionaryServices.framework/Versions/A/DictionaryServices
0x000000018c780000 	/System/Library/Frameworks/CoreServices.framework/Versions/A/Frameworks/SharedFileList.framework/Versions/A/SharedFileList
0x000000019092f000 	/usr/lib/libapple_nghttp2.dylib
0x000000018abcb000 	/usr/lib/libsqlite3.dylib
0x000000018afd0000 	/System/Library/Frameworks/Network.framework/Versions/A/Network
0x0000000223a09000 	/usr/lib/libCoreEntitlements.dylib
0x000000020b487000 	/System/Library/PrivateFrameworks/MessageSecurity.framework/Versions/A/MessageSecurity
0x000000018abb1000 	/System/Library/PrivateFrameworks/ProtocolBuffer.framework/Versions/A/ProtocolBuffer
0x000000019030c000 	/System/Library/PrivateFrameworks/AppleFSCompression.framework/Versions/A/AppleFSCompression
0x000000018fce6000 	/usr/lib/libcoretls.dylib
0x0000000191c19000 	/usr/lib/libcoretls_cfhelpers.dylib
0x000000019095e000 	/usr/lib/libpam.2.dylib
0x0000000191c8a000 	/usr/lib/libxar.1.dylib
0x0000000192071000 	/usr/lib/libheimdal-asn1.dylib
0x000000018918d000 	/usr/lib/libnetwork.dylib
0x00000001907b8000 	/usr/lib/libpcap.A.dylib
0x000000018afbd000 	/usr/lib/libdns_services.dylib
0x000000018efbf000 	/System/Library/PrivateFrameworks/AppleSystemInfo.framework/Versions/A/AppleSystemInfo
0x000000018f9e7000 	/System/Library/PrivateFrameworks/IOMobileFramebuffer.framework/Versions/A/IOMobileFramebuffer
0x000000022500f000 	/usr/lib/swift/libswift_RegexParser.dylib
0x00000001903d0000 	/usr/lib/libbz2.1.0.dylib
0x000000018fcda000 	/usr/lib/libCheckFix.dylib
0x000000018960a000 	/System/Library/PrivateFrameworks/TCC.framework/Versions/A/TCC
0x000000018efc6000 	/System/Library/PrivateFrameworks/CoreNLP.framework/Versions/A/CoreNLP
0x000000018bbee000 	/System/Library/PrivateFrameworks/MetadataUtilities.framework/Versions/A/MetadataUtilities
0x000000018fd10000 	/usr/lib/libmecab.dylib
0x0000000184dca000 	/usr/lib/libCRFSuite.dylib
0x000000018fd6c000 	/usr/lib/libgermantok.dylib
0x0000000190907000 	/usr/lib/libThaiTokenizer.dylib
0x000000018bcd9000 	/System/Library/Frameworks/Accelerate.framework/Versions/A/Frameworks/vImage.framework/Versions/A/vImage
0x0000000197d70000 	/System/Library/Frameworks/Accelerate.framework/Versions/A/Frameworks/vecLib.framework/Versions/A/vecLib
0x0000000191cd1000 	/System/Library/Frameworks/Accelerate.framework/Versions/A/Frameworks/vecLib.framework/Versions/A/libvMisc.dylib
0x000000018f8c3000 	/System/Library/Frameworks/Accelerate.framework/Versions/A/Frameworks/vecLib.framework/Versions/A/libvDSP.dylib
0x0000000184859000 	/System/Library/Frameworks/Accelerate.framework/Versions/A/Frameworks/vecLib.framework/Versions/A/libBLAS.dylib
0x0000000190a37000 	/System/Library/Frameworks/Accelerate.framework/Versions/A/Frameworks/vecLib.framework/Versions/A/libLAPACK.dylib
0x000000018fd6f000 	/System/Library/Frameworks/Accelerate.framework/Versions/A/Frameworks/vecLib.framework/Versions/A/libLinearAlgebra.dylib
0x0000000190949000 	/System/Library/Frameworks/Accelerate.framework/Versions/A/Frameworks/vecLib.framework/Versions/A/libSparseBLAS.dylib
0x0000000190a32000 	/System/Library/Frameworks/Accelerate.framework/Versions/A/Frameworks/vecLib.framework/Versions/A/libQuadrature.dylib
0x000000018f0e8000 	/System/Library/Frameworks/Accelerate.framework/Versions/A/Frameworks/vecLib.framework/Versions/A/libBNNS.dylib
0x0000000184cd0000 	/System/Library/Frameworks/Accelerate.framework/Versions/A/Frameworks/vecLib.framework/Versions/A/libSparse.dylib
0x0000000209cfd000 	/System/Library/PrivateFrameworks/MIL.framework/Versions/A/MIL
0x00000001907ee000 	/usr/lib/libiconv.2.dylib
0x000000019073a000 	/usr/lib/libcharset.1.dylib
0x000000018c753000 	/System/Library/Frameworks/OpenDirectory.framework/Versions/A/Frameworks/CFOpenDirectory.framework/Versions/A/CFOpenDirectory
0x000000018c743000 	/System/Library/Frameworks/OpenDirectory.framework/Versions/A/OpenDirectory
0x0000000191c1b000 	/System/Library/PrivateFrameworks/APFS.framework/Versions/A/APFS
0x000000018fc17000 	/System/Library/Frameworks/SecurityFoundation.framework/Versions/A/SecurityFoundation
0x0000000191c99000 	/usr/lib/libutil.dylib
0x0000000207f32000 	/System/Library/PrivateFrameworks/InstalledContentLibrary.framework/Versions/A/InstalledContentLibrary
0x0000000187616000 	/System/Library/PrivateFrameworks/CoreServicesStore.framework/Versions/A/CoreServicesStore
0x00000001f857a000 	/System/Library/PrivateFrameworks/AppleMobileFileIntegrity.framework/Versions/A/AppleMobileFileIntegrity
0x00000001a8d04000 	/usr/lib/libmis.dylib
0x00000001b8816000 	/System/Library/PrivateFrameworks/MobileSystemServices.framework/Versions/A/MobileSystemServices
0x00000001e9a6c000 	/System/Library/PrivateFrameworks/ConfigProfileHelper.framework/Versions/A/ConfigProfileHelper
0x0000000190909000 	/System/Library/PrivateFrameworks/AppleSauce.framework/Versions/A/AppleSauce
0x0000000185cf5000 	/System/Library/PrivateFrameworks/LanguageModeling.framework/Versions/A/LanguageModeling
0x0000000191c9d000 	/usr/lib/libxslt.1.dylib
0x00000001907f5000 	/usr/lib/libcmph.dylib
0x000000018f9b4000 	/System/Library/PrivateFrameworks/CoreEmoji.framework/Versions/A/CoreEmoji
0x000000018f0e2000 	/System/Library/PrivateFrameworks/LinguisticData.framework/Versions/A/LinguisticData
0x0000000184be3000 	/System/Library/PrivateFrameworks/Lexicon.framework/Versions/A/Lexicon
0x000000018fca5000 	/System/Library/PrivateFrameworks/BackgroundTaskManagement.framework/Versions/A/BackgroundTaskManagement
0x0000000223bf2000 	/usr/lib/libTLE.dylib
0x0000000192558000 	/System/Library/PrivateFrameworks/AppleJPEG.framework/Versions/A/AppleJPEG
0x0000000192056000 	/usr/lib/libexpat.1.dylib
0x0000000192b52000 	/System/Library/Frameworks/ImageIO.framework/Versions/A/Resources/libPng.dylib
0x0000000192b7d000 	/System/Library/Frameworks/ImageIO.framework/Versions/A/Resources/libTIFF.dylib
0x0000000192c68000 	/System/Library/Frameworks/ImageIO.framework/Versions/A/Resources/libGIF.dylib
0x000000019259e000 	/System/Library/Frameworks/ImageIO.framework/Versions/A/Resources/libJP2.dylib
0x0000000192c0d000 	/System/Library/Frameworks/ImageIO.framework/Versions/A/Resources/libJPEG.dylib
0x0000000192c04000 	/System/Library/Frameworks/ImageIO.framework/Versions/A/Resources/libRadiance.dylib
0x000000018e417000 	/System/Library/PrivateFrameworks/FontServices.framework/libFontParser.dylib
0x000000018aee7000 	/System/Library/PrivateFrameworks/RunningBoardServices.framework/Versions/A/RunningBoardServices
0x000000019e4b1000 	/System/Library/PrivateFrameworks/IOSurfaceAccelerator.framework/Versions/A/IOSurfaceAccelerator
0x000000019268e000 	/System/Library/PrivateFrameworks/WatchdogClient.framework/Versions/A/WatchdogClient
0x0000000185ed8000 	/System/Library/Frameworks/CoreDisplay.framework/Versions/A/CoreDisplay
0x000000018e2d0000 	/System/Library/Frameworks/CoreMedia.framework/Versions/A/CoreMedia
0x000000018e074000 	/System/Library/PrivateFrameworks/IOAccelerator.framework/Versions/A/IOAccelerator
0x000000018c8e6000 	/System/Library/Frameworks/CoreVideo.framework/Versions/A/CoreVideo
0x000000019095c000 	/System/Library/Frameworks/MetalPerformanceShaders.framework/Versions/A/MetalPerformanceShaders
0x00000001926d1000 	/System/Library/Frameworks/VideoToolbox.framework/Versions/A/VideoToolbox
0x000000018c981000 	/System/Library/PrivateFrameworks/UserManagement.framework/Versions/A/UserManagement
0x000000018ae16000 	/System/Library/PrivateFrameworks/BaseBoard.framework/Versions/A/BaseBoard
0x000000018efbd000 	/System/Library/PrivateFrameworks/AggregateDictionary.framework/Versions/A/AggregateDictionary
0x00000001f84fa000 	/System/Library/PrivateFrameworks/AppleKeyStore.framework/Versions/A/AppleKeyStore
0x0000000192bff000 	/System/Library/PrivateFrameworks/GPUWrangler.framework/Versions/A/GPUWrangler
0x0000000192bdf000 	/System/Library/PrivateFrameworks/IOPresentment.framework/Versions/A/IOPresentment
0x0000000192c07000 	/System/Library/PrivateFrameworks/DSExternalDisplay.framework/Versions/A/DSExternalDisplay
0x00000002040a4000 	/System/Library/PrivateFrameworks/GPUCompiler.framework/Versions/32023/Libraries/libllvm-flatbuffers.dylib
0x00000001ec5f7000 	/System/Library/Frameworks/OpenGL.framework/Versions/A/Libraries/libCoreFSCache.dylib
0x00000002012dc000 	/System/Library/PrivateFrameworks/GPUCompiler.framework/Versions/32023/Libraries/libGPUCompilerUtils.dylib
0x0000000192c6e000 	/System/Library/PrivateFrameworks/CMCaptureCore.framework/Versions/A/CMCaptureCore
0x00000001f13ed000 	/System/Library/Frameworks/ExtensionFoundation.framework/Versions/A/ExtensionFoundation
0x0000000199c48000 	/System/Library/PrivateFrameworks/CoreTime.framework/Versions/A/CoreTime
0x0000000192227000 	/System/Library/PrivateFrameworks/AppServerSupport.framework/Versions/A/AppServerSupport
0x000000019477f000 	/System/Library/PrivateFrameworks/perfdata.framework/Versions/A/perfdata
0x0000000185ffc000 	/System/Library/PrivateFrameworks/AudioToolboxCore.framework/Versions/A/AudioToolboxCore
0x000000018e2a6000 	/System/Library/PrivateFrameworks/caulk.framework/Versions/A/caulk
0x0000000193ffa000 	/usr/lib/libAudioStatistics.dylib
0x00000001a8060000 	/System/Library/PrivateFrameworks/SystemPolicy.framework/Versions/A/SystemPolicy
0x00000001942d2000 	/usr/lib/libSMC.dylib
0x000000019daac000 	/System/Library/Frameworks/CoreMIDI.framework/Versions/A/CoreMIDI
0x0000000192b19000 	/usr/lib/libAudioToolboxUtility.dylib
0x00000001a3896000 	/System/Library/PrivateFrameworks/OSAServicesClient.framework/Versions/A/OSAServicesClient
0x000000019478d000 	/usr/lib/libperfcheck.dylib
0x0000000191f40000 	/System/Library/PrivateFrameworks/PlugInKit.framework/Versions/A/PlugInKit
0x000000018fc09000 	/System/Library/PrivateFrameworks/AssertionServices.framework/Versions/A/AssertionServices
0x000000019cbc1000 	/System/Library/PrivateFrameworks/ASEProcessing.framework/Versions/A/ASEProcessing
0x00000001c4468000 	/System/Library/PrivateFrameworks/Symbolication.framework/Versions/A/Symbolication
0x000000020f17f000 	/System/Library/PrivateFrameworks/PhotosensitivityProcessing.framework/Versions/A/PhotosensitivityProcessing
0x00000001921d9000 	/System/Library/PrivateFrameworks/GraphVisualizer.framework/Versions/A/GraphVisualizer
0x00000001ec659000 	/System/Library/Frameworks/OpenGL.framework/Versions/A/Libraries/libGLU.dylib
0x00000001ec618000 	/System/Library/Frameworks/OpenGL.framework/Versions/A/Libraries/libGFXShared.dylib
0x00000001ec7f1000 	/System/Library/Frameworks/OpenGL.framework/Versions/A/Libraries/libGL.dylib
0x00000001ec621000 	/System/Library/Frameworks/OpenGL.framework/Versions/A/Libraries/libGLImage.dylib
0x00000001ec615000 	/System/Library/Frameworks/OpenGL.framework/Versions/A/Libraries/libCVMSPluginSupport.dylib
0x0000000223bab000 	/usr/lib/libRosetta.dylib
0x00000001ec5fe000 	/System/Library/Frameworks/OpenGL.framework/Versions/A/Libraries/libCoreVMClient.dylib
0x00000001ff696000 	/System/Library/PrivateFrameworks/FontServices.framework/Versions/A/FontServices
0x00000001921e5000 	/System/Library/PrivateFrameworks/OTSVG.framework/Versions/A/OTSVG
0x000000018c487000 	/System/Library/Frameworks/ApplicationServices.framework/Versions/A/Frameworks/ATS.framework/Versions/A/Resources/libFontRegistry.dylib
0x0000000192231000 	/System/Library/PrivateFrameworks/FontServices.framework/libhvf.dylib
0x00000001ff697000 	/System/Library/PrivateFrameworks/FontServices.framework/libXTFontStaticRegistryData.dylib
0x000000018ef34000 	/System/Library/Frameworks/MetalPerformanceShaders.framework/Versions/A/Frameworks/MPSCore.framework/Versions/A/MPSCore
0x000000019027f000 	/System/Library/Frameworks/MetalPerformanceShaders.framework/Versions/A/Frameworks/MPSImage.framework/Versions/A/MPSImage
0x000000018fd84000 	/System/Library/Frameworks/MetalPerformanceShaders.framework/Versions/A/Frameworks/MPSNeuralNetwork.framework/Versions/A/MPSNeuralNetwork
0x0000000190172000 	/System/Library/Frameworks/MetalPerformanceShaders.framework/Versions/A/Frameworks/MPSMatrix.framework/Versions/A/MPSMatrix
0x000000018ff7e000 	/System/Library/Frameworks/MetalPerformanceShaders.framework/Versions/A/Frameworks/MPSRayIntersector.framework/Versions/A/MPSRayIntersector
0x00000001901a1000 	/System/Library/Frameworks/MetalPerformanceShaders.framework/Versions/A/Frameworks/MPSNDArray.framework/Versions/A/MPSNDArray
0x00000001f2ac5000 	/System/Library/Frameworks/MetalPerformanceShaders.framework/Versions/A/Frameworks/MPSFunctions.framework/Versions/A/MPSFunctions
0x00000001f2aa7000 	/System/Library/Frameworks/MetalPerformanceShaders.framework/Versions/A/Frameworks/MPSBenchmarkLoop.framework/Versions/A/MPSBenchmarkLoop
0x000000018470e000 	/System/Library/PrivateFrameworks/MetalTools.framework/Versions/A/MetalTools
0x00000001ad115000 	/System/Library/PrivateFrameworks/IOAccelMemoryInfo.framework/Versions/A/IOAccelMemoryInfo
0x00000001b8723000 	/System/Library/PrivateFrameworks/kperf.framework/Versions/A/kperf
0x00000001a8d18000 	/System/Library/PrivateFrameworks/GPURawCounter.framework/Versions/A/GPURawCounter
0x0000000199b38000 	/System/Library/PrivateFrameworks/CoreSymbolication.framework/Versions/A/CoreSymbolication
0x00000001a8cd5000 	/System/Library/PrivateFrameworks/MallocStackLogging.framework/Versions/A/MallocStackLogging
0x0000000191de7000 	/System/Library/PrivateFrameworks/CrashReporterSupport.framework/Versions/A/CrashReporterSupport
0x0000000199af3000 	/System/Library/PrivateFrameworks/DebugSymbols.framework/Versions/A/DebugSymbols
0x00000001b7a61000 	/System/Library/PrivateFrameworks/OSAnalytics.framework/Versions/A/OSAnalytics
0x000000021b134000 	/System/Library/PrivateFrameworks/VideoToolboxParavirtualizationSupport.framework/Versions/A/VideoToolboxParavirtualizationSupport
0x000000019200a000 	/System/Library/PrivateFrameworks/AppleVA.framework/Versions/A/AppleVA
0x0000000194042000 	/System/Library/Frameworks/ApplicationServices.framework/Versions/A/Frameworks/ATS.framework/Versions/A/ATS
0x000000018a34d000 	/System/Library/Frameworks/ApplicationServices.framework/Versions/A/Frameworks/HIServices.framework/Versions/A/HIServices
0x0000000192c7c000 	/System/Library/Frameworks/ApplicationServices.framework/Versions/A/Frameworks/PrintCore.framework/Versions/A/PrintCore
0x000000019442b000 	/System/Library/Frameworks/ApplicationServices.framework/Versions/A/Frameworks/QD.framework/Versions/A/QD
0x000000019441f000 	/System/Library/Frameworks/ApplicationServices.framework/Versions/A/Frameworks/ColorSyncLegacy.framework/Versions/A/ColorSyncLegacy
0x0000000194012000 	/System/Library/Frameworks/ApplicationServices.framework/Versions/A/Frameworks/SpeechSynthesis.framework/Versions/A/SpeechSynthesis
0x0000000192c38000 	/System/Library/Frameworks/ApplicationServices.framework/Versions/A/Frameworks/ATSUI.framework/Versions/A/ATSUI
0x00000001943b2000 	/usr/lib/libcups.2.dylib
0x000000019479b000 	/System/Library/Frameworks/Kerberos.framework/Versions/A/Kerberos
0x00000001947ac000 	/System/Library/Frameworks/GSS.framework/Versions/A/GSS
0x00000001940c1000 	/usr/lib/libresolv.9.dylib
0x0000000192242000 	/System/Library/PrivateFrameworks/Heimdal.framework/Versions/A/Heimdal
0x000000019bb63000 	/System/Library/Frameworks/Kerberos.framework/Versions/A/Libraries/libHeimdalProxy.dylib
0x0000000194806000 	/System/Library/PrivateFrameworks/CommonAuth.framework/Versions/A/CommonAuth
0x00000001f01ee000 	/System/Library/Frameworks/AVFAudio.framework/Versions/A/AVFAudio
0x00000001a38e5000 	/System/Library/PrivateFrameworks/AXCoreUtilities.framework/Versions/A/AXCoreUtilities
0x0000000193f7e000 	/System/Library/PrivateFrameworks/AudioSession.framework/Versions/A/AudioSession
0x0000000195a23000 	/System/Library/Frameworks/IOBluetooth.framework/Versions/A/IOBluetooth
0x0000000192115000 	/System/Library/PrivateFrameworks/MediaExperience.framework/Versions/A/MediaExperience
0x0000000193dc1000 	/System/Library/PrivateFrameworks/AudioSession.framework/libSessionUtility.dylib
0x0000000194437000 	/System/Library/PrivateFrameworks/AudioResourceArbitration.framework/Versions/A/AudioResourceArbitration
0x0000000198ac6000 	/System/Library/PrivateFrameworks/PowerLog.framework/Versions/A/PowerLog
0x00000001989e9000 	/System/Library/Frameworks/CoreBluetooth.framework/Versions/A/CoreBluetooth
0x000000019bb64000 	/System/Library/Frameworks/AudioUnit.framework/Versions/A/AudioUnit
0x000000018fa74000 	/System/Library/PrivateFrameworks/CoreUtils.framework/Versions/A/CoreUtils
0x00000001fdb0c000 	/System/Library/PrivateFrameworks/CoreUtilsExtras.framework/Versions/A/CoreUtilsExtras
0x0000000207dc9000 	/System/Library/PrivateFrameworks/IO80211.framework/Versions/A/IO80211
0x00000001a3900000 	/usr/lib/libAccessibility.dylib
0x00000001980e9000 	/System/Library/Frameworks/MediaAccessibility.framework/Versions/A/MediaAccessibility
0x000000019966f000 	/System/Library/PrivateFrameworks/FrontBoardServices.framework/Versions/A/FrontBoardServices
0x000000019b141000 	/System/Library/PrivateFrameworks/BackBoardServices.framework/Versions/A/BackBoardServices
0x0000000199729000 	/System/Library/PrivateFrameworks/BoardServices.framework/Versions/A/BoardServices
0x000000019207c000 	/System/Library/PrivateFrameworks/IconFoundation.framework/Versions/A/IconFoundation
0x0000000197981000 	/System/Library/PrivateFrameworks/SpeechRecognitionCore.framework/Versions/A/SpeechRecognitionCore
0x00000001c787a000 	/System/Library/Frameworks/OSLog.framework/Versions/A/OSLog
0x00000001a8c65000 	/System/Library/PrivateFrameworks/LoggingSupport.framework/Versions/A/LoggingSupport
0x0000000101d24000 	/Users/ayushrg/Library/Java/JavaVirtualMachines/openjdk-21.0.2/Contents/Home/lib/server/libjvm.dylib
0x0000000100794000 	/Users/ayushrg/Library/Java/JavaVirtualMachines/openjdk-21.0.2/Contents/Home/lib/libjimage.dylib
0x00000001007c0000 	/Users/ayushrg/Library/Java/JavaVirtualMachines/openjdk-21.0.2/Contents/Home/lib/libinstrument.dylib
0x0000000100808000 	/Users/ayushrg/Library/Java/JavaVirtualMachines/openjdk-21.0.2/Contents/Home/lib/libjava.dylib
0x0000000100a78000 	/Users/ayushrg/Library/Java/JavaVirtualMachines/openjdk-21.0.2/Contents/Home/lib/libnio.dylib
0x00000001007f0000 	/Users/ayushrg/Library/Java/JavaVirtualMachines/openjdk-21.0.2/Contents/Home/lib/libnet.dylib
0x0000000100ac0000 	/Users/ayushrg/Library/Java/JavaVirtualMachines/openjdk-21.0.2/Contents/Home/lib/libzip.dylib
0x0000000100a98000 	/Users/ayushrg/.openjfx/cache/21+31/aarch64/libprism_es2.dylib
0x00000001a79fc000 	/System/Library/Frameworks/Carbon.framework/Versions/A/Carbon
0x000000019fc78000 	/System/Library/Frameworks/Carbon.framework/Versions/A/Frameworks/CommonPanels.framework/Versions/A/CommonPanels
0x000000019b479000 	/System/Library/Frameworks/Carbon.framework/Versions/A/Frameworks/Help.framework/Versions/A/Help
0x000000019fc7c000 	/System/Library/Frameworks/Carbon.framework/Versions/A/Frameworks/ImageCapture.framework/Versions/A/ImageCapture
0x000000019fc50000 	/System/Library/Frameworks/Carbon.framework/Versions/A/Frameworks/OpenScripting.framework/Versions/A/OpenScripting
0x000000019fc74000 	/System/Library/Frameworks/Carbon.framework/Versions/A/Frameworks/Ink.framework/Versions/A/Ink
0x000000019fc70000 	/System/Library/Frameworks/Carbon.framework/Versions/A/Frameworks/SecurityHI.framework/Versions/A/SecurityHI
0x00000001ec7fb000 	/System/Library/Frameworks/OpenGL.framework/Versions/A/Resources/GLEngine.bundle/GLEngine
0x00000001ec693000 	/System/Library/Frameworks/OpenGL.framework/Versions/A/Libraries/libGLProgrammability.dylib
0x000000010173c000 	/System/Library/Extensions/AppleMetalOpenGLRenderer.bundle/Contents/MacOS/AppleMetalOpenGLRenderer
0x00000001ec95b000 	/System/Library/Frameworks/OpenGL.framework/Versions/A/Resources/GLRendererFloat.bundle/GLRendererFloat
0x00000001ed165000 	/System/Library/Extensions/AGXMetalG14G.bundle/Contents/MacOS/AGXMetalG14G
0x00000001a2831000 	/System/Library/PrivateFrameworks/IOGPU.framework/Versions/A/IOGPU
0x000000010194c000 	/Users/ayushrg/.openjfx/cache/21+31/aarch64/libglass.dylib
0x0000000198d0b000 	/System/Library/Frameworks/FileProvider.framework/Versions/A/FileProvider
0x000000018ad7c000 	/System/Library/Frameworks/Accounts.framework/Versions/A/Accounts
0x0000000198eb7000 	/System/Library/PrivateFrameworks/GenerationalStorage.framework/Versions/A/GenerationalStorage
0x0000000198aba000 	/System/Library/PrivateFrameworks/SymptomDiagnosticReporter.framework/Versions/A/SymptomDiagnosticReporter
0x0000000188c87000 	/System/Library/PrivateFrameworks/DesktopServicesPriv.framework/Versions/A/DesktopServicesPriv
0x000000018774a000 	/usr/lib/libsandbox.1.dylib
0x0000000194412000 	/System/Library/PrivateFrameworks/NetAuth.framework/Versions/A/NetAuth
0x0000000195685000 	/System/Library/PrivateFrameworks/Sharing.framework/Versions/A/Sharing
0x000000018c944000 	/System/Library/PrivateFrameworks/login.framework/Versions/A/Frameworks/loginsupport.framework/Versions/A/loginsupport
0x000000019af7a000 	/System/Library/PrivateFrameworks/Apple80211.framework/Versions/A/Apple80211
0x0000000190415000 	/System/Library/PrivateFrameworks/AuthKit.framework/Versions/A/AuthKit
0x000000018f9f7000 	/System/Library/Frameworks/CoreWLAN.framework/Versions/A/CoreWLAN
0x00000001a8d1c000 	/usr/lib/swift/libswiftCoreAudio.dylib
0x00000001ade8c000 	/usr/lib/swift/libswiftCoreLocation.dylib
0x0000000191dde000 	/usr/lib/libIOReport.dylib
0x000000019af7e000 	/System/Library/PrivateFrameworks/CoreWiFi.framework/Versions/A/CoreWiFi
0x00000001ce631000 	/System/Library/PrivateFrameworks/WiFiPeerToPeer.framework/Versions/A/WiFiPeerToPeer
0x00000001905ad000 	/System/Library/Frameworks/UserNotifications.framework/Versions/A/UserNotifications
0x0000000194942000 	/System/Library/PrivateFrameworks/CorePhoneNumbers.framework/Versions/A/CorePhoneNumbers
0x00000001940ee000 	/System/Library/PrivateFrameworks/MultiverseSupport.framework/Versions/A/MultiverseSupport
0x000000019b3cf000 	/System/Library/PrivateFrameworks/RemoteServiceDiscovery.framework/Versions/A/RemoteServiceDiscovery
0x0000000198be7000 	/System/Library/PrivateFrameworks/DiskManagement.framework/Versions/A/DiskManagement
0x0000000198aee000 	/System/Library/PrivateFrameworks/AppleIDAuthSupport.framework/Versions/A/AppleIDAuthSupport
0x00000001f65ec000 	/System/Library/PrivateFrameworks/AAAFoundation.framework/Versions/A/AAAFoundation
0x0000000194916000 	/System/Library/PrivateFrameworks/KeychainCircle.framework/Versions/A/KeychainCircle
0x000000019b3e3000 	/System/Library/PrivateFrameworks/RemoteXPC.framework/Versions/A/RemoteXPC
0x000000019b485000 	/usr/lib/libcsfde.dylib
0x0000000191f86000 	/usr/lib/libCoreStorage.dylib
0x0000000198bb3000 	/System/Library/PrivateFrameworks/MediaKit.framework/Versions/A/MediaKit
0x0000000198afb000 	/System/Library/Frameworks/DiscRecording.framework/Versions/A/DiscRecording
0x0000000195b02000 	/System/Library/PrivateFrameworks/ProtectedCloudStorage.framework/Versions/A/ProtectedCloudStorage
0x000000019b47d000 	/System/Library/PrivateFrameworks/EFILogin.framework/Versions/A/EFILogin
0x0000000198edf000 	/System/Library/PrivateFrameworks/OctagonTrust.framework/Versions/A/OctagonTrust
0x000000018df21000 	/System/Library/Frameworks/CoreLocation.framework/Versions/A/CoreLocation
0x0000000195dbd000 	/System/Library/PrivateFrameworks/GeoServices.framework/Versions/A/GeoServices
0x0000000193d8b000 	/System/Library/PrivateFrameworks/LocationSupport.framework/Versions/A/LocationSupport
0x0000000204d33000 	/System/Library/PrivateFrameworks/GeoServicesCore.framework/Versions/A/GeoServicesCore
0x00000001a38da000 	/System/Library/PrivateFrameworks/PhoneNumbers.framework/Versions/A/PhoneNumbers
0x0000000191f7e000 	/usr/lib/libMatch.1.dylib
0x00000001ade72000 	/System/Library/Frameworks/Accelerate.framework/Versions/A/Frameworks/vImage.framework/Versions/A/Libraries/libCGInterfaces.dylib
0x0000000125b00000 	/usr/lib/libobjc-trampolines.dylib
0x00000002238d2000 	/usr/lib/libAccessibilityBaseImplementations.dylib
0x000000018c627000 	/System/Library/PrivateFrameworks/ViewBridge.framework/Versions/A/ViewBridge
0x0000000192312000 	/System/Library/PrivateFrameworks/login.framework/Versions/A/login
0x000000019983f000 	/System/Library/Frameworks/LocalAuthentication.framework/Versions/A/LocalAuthentication
0x0000000209bfd000 	/System/Library/PrivateFrameworks/LocalAuthenticationCore.framework/Versions/A/LocalAuthenticationCore
0x0000000199886000 	/System/Library/Frameworks/LocalAuthentication.framework/Support/SharedUtils.framework/Versions/A/SharedUtils
0x00000001997dc000 	/System/Library/Frameworks/CryptoTokenKit.framework/Versions/A/CryptoTokenKit
0x00000001f6eab000 	/System/Library/PrivateFrameworks/AccessibilityBundles.framework/Versions/A/AccessibilityBundles


VM Arguments:
jvm_args: -javaagent:/Applications/IntelliJ IDEA CE.app/Contents/lib/idea_rt.jar=57441:/Applications/IntelliJ IDEA CE.app/Contents/bin -Dfile.encoding=UTF-8 -Dsun.stdout.encoding=UTF-8 -Dsun.stderr.encoding=UTF-8 --module-path=/Users/ayushrg/.m2/repository/org/controlsfx/controlsfx/11.1.2/controlsfx-11.1.2.jar:/Users/ayushrg/IdeaProjects/TubeFlowX/target/classes:/Users/ayushrg/.m2/repository/org/openjfx/javafx-controls/21/javafx-controls-21-mac-aarch64.jar:/Users/ayushrg/.m2/repository/org/openjfx/javafx-base/21/javafx-base-21-mac-aarch64.jar:/Users/ayushrg/.m2/repository/com/dlsc/formsfx/formsfx-core/11.6.0/formsfx-core-11.6.0.jar:/Users/ayushrg/.m2/repository/org/openjfx/javafx-graphics/21/javafx-graphics-21-mac-aarch64.jar:/Users/ayushrg/.m2/repository/org/openjfx/javafx-fxml/21/javafx-fxml-21-mac-aarch64.jar -Djdk.module.main=com.ayushrg.tubeflowx 
java_command: com.ayushrg.tubeflowx/com.ayushrg.tubeflowx.MainApp
java_class_path (initial): /Users/ayushrg/.m2/repository/org/openjfx/javafx-controls/21/javafx-controls-21.jar:/Users/ayushrg/.m2/repository/org/openjfx/javafx-graphics/21/javafx-graphics-21.jar:/Users/ayushrg/.m2/repository/org/openjfx/javafx-base/21/javafx-base-21.jar:/Users/ayushrg/.m2/repository/org/openjfx/javafx-fxml/21/javafx-fxml-21.jar
Launcher Type: SUN_STANDARD

[Global flags]
     intx CICompilerCount                          = 4                                         {product} {ergonomic}
     uint ConcGCThreads                            = 2                                         {product} {ergonomic}
     uint G1ConcRefinementThreads                  = 8                                         {product} {ergonomic}
   size_t G1HeapRegionSize                         = 1048576                                   {product} {ergonomic}
    uintx GCDrainStackTargetSize                   = 64                                        {product} {ergonomic}
   size_t InitialHeapSize                          = 134217728                                 {product} {ergonomic}
   size_t MarkStackSize                            = 4194304                                   {product} {ergonomic}
   size_t MaxHeapSize                              = 2147483648                                {product} {ergonomic}
   size_t MaxNewSize                               = 1287651328                                {product} {ergonomic}
   size_t MinHeapDeltaBytes                        = 1048576                                   {product} {ergonomic}
   size_t MinHeapSize                              = 8388608                                   {product} {ergonomic}
    uintx NonNMethodCodeHeapSize                   = 5839564                                {pd product} {ergonomic}
    uintx NonProfiledCodeHeapSize                  = 122909338                              {pd product} {ergonomic}
    uintx ProfiledCodeHeapSize                     = 122909338                              {pd product} {ergonomic}
    uintx ReservedCodeCacheSize                    = 251658240                              {pd product} {ergonomic}
     bool SegmentedCodeCache                       = true                                      {product} {ergonomic}
   size_t SoftMaxHeapSize                          = 2147483648                             {manageable} {ergonomic}
     bool UseCompressedOops                        = true                           {product lp64_product} {ergonomic}
     bool UseG1GC                                  = true                                      {product} {ergonomic}
     bool UseNUMA                                  = false                                     {product} {ergonomic}
     bool UseNUMAInterleaving                      = false                                     {product} {ergonomic}

Logging:
Log output configuration:
 #0: stdout all=warning uptime,level,tags foldmultilines=false
 #1: stderr all=off uptime,level,tags foldmultilines=false

Environment Variables:
PATH={PATH}:/usr/local/mysql-8.3.0-macos14-arm64/bin
SHELL=/bin/zsh
LC_CTYPE=en_US.UTF-8
TMPDIR=/var/folders/fg/jypfsvy54837l26dgcs81lz80000gn/T/

Active Locale:
LC_ALL=C/en_US.UTF-8/C/C/C/C
LC_COLLATE=C
LC_CTYPE=en_US.UTF-8
LC_MESSAGES=C
LC_MONETARY=C
LC_NUMERIC=C
LC_TIME=C

Signal Handlers:
   SIGSEGV: crash_handler in libjvm.dylib, mask=11100110000111110111111111111111, flags=SA_ONSTACK|SA_RESTART|SA_SIGINFO, unblocked
    SIGBUS: crash_handler in libjvm.dylib, mask=11100110000111110111111111111111, flags=SA_RESTART|SA_SIGINFO, unblocked
    SIGFPE: crash_handler in libjvm.dylib, mask=11100110000111110111111111111111, flags=SA_RESTART|SA_SIGINFO, unblocked
   SIGPIPE: javaSignalHandler in libjvm.dylib, mask=11100110000111110111111111111111, flags=SA_RESTART|SA_SIGINFO, blocked
   SIGXFSZ: javaSignalHandler in libjvm.dylib, mask=11100110000111110111111111111111, flags=SA_RESTART|SA_SIGINFO, blocked
    SIGILL: crash_handler in libjvm.dylib, mask=11100110000111110111111111111111, flags=SA_RESTART|SA_SIGINFO, unblocked
   SIGUSR2: SR_handler in libjvm.dylib, mask=00100000000000000000000000000000, flags=SA_RESTART|SA_SIGINFO, blocked
    SIGHUP: UserHandler in libjvm.dylib, mask=11100110000111110111111111111111, flags=SA_RESTART|SA_SIGINFO, blocked
    SIGINT: UserHandler in libjvm.dylib, mask=11100110000111110111111111111111, flags=SA_RESTART|SA_SIGINFO, blocked
   SIGTERM: UserHandler in libjvm.dylib, mask=11100110000111110111111111111111, flags=SA_RESTART|SA_SIGINFO, blocked
   SIGQUIT: UserHandler in libjvm.dylib, mask=11100110000111110111111111111111, flags=SA_RESTART|SA_SIGINFO, blocked
   SIGTRAP: crash_handler in libjvm.dylib, mask=11100110000111110111111111111111, flags=SA_RESTART|SA_SIGINFO, unblocked


Periodic native trim disabled

---------------  S Y S T E M  ---------------

OS:
uname: Darwin 23.2.0 Darwin Kernel Version 23.2.0: Wed Nov 15 21:59:33 PST 2023; root:xnu-10002.61.3~2/RELEASE_ARM64_T8112 arm64
OS uptime: 4 days 13:24 hours
rlimit (soft/hard): STACK 8176k/65520k , CORE 0k/infinity , NPROC 1333/2000 , NOFILE 10240/infinity , AS infinity/infinity , CPU infinity/infinity , DATA infinity/infinity , FSIZE infinity/infinity , MEMLOCK infinity/infinity , RSS infinity/infinity
load average: 2.10 1.86 1.82

CPU: total 8 (initial active 8) 0x61:0x0:0xda33d83d:0, fp, asimd, aes, pmull, sha1, sha256, crc32, lse, sha3, sha512
machdep.cpu.brand_string:Apple M2
hw.cachelinesize:128
hw.l1icachesize:131072
hw.l1dcachesize:65536
hw.l2cachesize:4194304

Memory: 16k page, physical 8388608k(124112k free), swap 2097152k(1090880k free)

vm_info: OpenJDK 64-Bit Server VM (21.0.2+13-58) for bsd-aarch64 JRE (21.0.2+13-58), built on 2024-01-05T18:32:24Z by "mach5one" with clang Apple LLVM 12.0.0 (clang-1200.0.32.29)

END.
